| Building net
0.2
Warmup Net1

Warmup Net2

Test Epoch: 0, Accuracy: 46.980, Precision: 53.184, Recall: 46.980, F1: 44.937, L_1: 50000, U_1: 0, L_2: 50000, U_2: 0

Warmup Net1

Warmup Net2

Test Epoch: 1, Accuracy: 56.470, Precision: 64.471, Recall: 56.470, F1: 55.208, L_1: 50000, U_1: 0, L_2: 50000, U_2: 0

Warmup Net1

Warmup Net2

Test Epoch: 2, Accuracy: 64.380, Precision: 68.123, Recall: 64.380, F1: 64.031, L_1: 50000, U_1: 0, L_2: 50000, U_2: 0

Warmup Net1

Warmup Net2

Test Epoch: 3, Accuracy: 68.730, Precision: 72.909, Recall: 68.730, F1: 68.271, L_1: 50000, U_1: 0, L_2: 50000, U_2: 0

Warmup Net1

Warmup Net2

Test Epoch: 4, Accuracy: 74.460, Precision: 75.174, Recall: 74.460, F1: 74.268, L_1: 50000, U_1: 0, L_2: 50000, U_2: 0

Warmup Net1

Warmup Net2

Test Epoch: 5, Accuracy: 74.040, Precision: 75.651, Recall: 74.040, F1: 73.594, L_1: 50000, U_1: 0, L_2: 50000, U_2: 0

Warmup Net1

Warmup Net2

Test Epoch: 6, Accuracy: 75.490, Precision: 76.579, Recall: 75.490, F1: 75.148, L_1: 50000, U_1: 0, L_2: 50000, U_2: 0

Warmup Net1

Warmup Net2

Test Epoch: 7, Accuracy: 75.230, Precision: 77.659, Recall: 75.230, F1: 75.328, L_1: 50000, U_1: 0, L_2: 50000, U_2: 0

Warmup Net1

Warmup Net2

Test Epoch: 8, Accuracy: 78.870, Precision: 79.614, Recall: 78.870, F1: 78.519, L_1: 50000, U_1: 0, L_2: 50000, U_2: 0

Warmup Net1

Warmup Net2

Test Epoch: 9, Accuracy: 77.690, Precision: 79.963, Recall: 77.690, F1: 77.879, L_1: 50000, U_1: 0, L_2: 50000, U_2: 0

Train Net1
labeled data has a size of 30527
unlabeled data has a size of 19473

Train Net2
labeled data has a size of 29787
unlabeled data has a size of 20213

Test Epoch: 10, Accuracy: 80.780, Precision: 81.405, Recall: 80.780, F1: 80.465, L_1: 30527, U_1: 19473, L_2: 29787, U_2: 20213

Train Net1
labeled data has a size of 30527
unlabeled data has a size of 19473

Train Net2
labeled data has a size of 29787
unlabeled data has a size of 20213

Test Epoch: 11, Accuracy: 82.560, Precision: 82.835, Recall: 82.560, F1: 82.319, L_1: 30527, U_1: 19473, L_2: 29787, U_2: 20213

Train Net1
labeled data has a size of 30527
unlabeled data has a size of 19473

Train Net2
labeled data has a size of 29787
unlabeled data has a size of 20213

Test Epoch: 12, Accuracy: 83.230, Precision: 83.505, Recall: 83.230, F1: 83.144, L_1: 30527, U_1: 19473, L_2: 29787, U_2: 20213

Train Net1
labeled data has a size of 30527
unlabeled data has a size of 19473

Train Net2
labeled data has a size of 29787
unlabeled data has a size of 20213

Test Epoch: 13, Accuracy: 83.350, Precision: 83.507, Recall: 83.350, F1: 83.092, L_1: 30527, U_1: 19473, L_2: 29787, U_2: 20213

Train Net1
labeled data has a size of 30527
unlabeled data has a size of 19473

Train Net2
labeled data has a size of 29787
unlabeled data has a size of 20213

Test Epoch: 14, Accuracy: 83.730, Precision: 83.830, Recall: 83.730, F1: 83.535, L_1: 30527, U_1: 19473, L_2: 29787, U_2: 20213

Train Net1
labeled data has a size of 30527
unlabeled data has a size of 19473

Train Net2
labeled data has a size of 29787
unlabeled data has a size of 20213

Test Epoch: 15, Accuracy: 83.630, Precision: 83.721, Recall: 83.630, F1: 83.382, L_1: 30527, U_1: 19473, L_2: 29787, U_2: 20213

Train Net1
labeled data has a size of 30527
unlabeled data has a size of 19473

Train Net2
labeled data has a size of 29787
unlabeled data has a size of 20213

Test Epoch: 16, Accuracy: 84.270, Precision: 84.538, Recall: 84.270, F1: 84.009, L_1: 30527, U_1: 19473, L_2: 29787, U_2: 20213

Train Net1
labeled data has a size of 30527
unlabeled data has a size of 19473

Train Net2
labeled data has a size of 29787
unlabeled data has a size of 20213

Test Epoch: 17, Accuracy: 84.210, Precision: 84.317, Recall: 84.210, F1: 84.092, L_1: 30527, U_1: 19473, L_2: 29787, U_2: 20213

Train Net1
labeled data has a size of 30527
unlabeled data has a size of 19473

Train Net2
labeled data has a size of 29787
unlabeled data has a size of 20213

Test Epoch: 18, Accuracy: 85.010, Precision: 85.204, Recall: 85.010, F1: 84.828, L_1: 30527, U_1: 19473, L_2: 29787, U_2: 20213

Train Net1
labeled data has a size of 30527
unlabeled data has a size of 19473

Train Net2
labeled data has a size of 29787
unlabeled data has a size of 20213

Test Epoch: 19, Accuracy: 85.230, Precision: 85.617, Recall: 85.230, F1: 84.912, L_1: 30527, U_1: 19473, L_2: 29787, U_2: 20213

Train Net1
labeled data has a size of 30527
unlabeled data has a size of 19473

Train Net2
labeled data has a size of 29787
unlabeled data has a size of 20213

Test Epoch: 20, Accuracy: 84.860, Precision: 85.206, Recall: 84.860, F1: 84.630, L_1: 30527, U_1: 19473, L_2: 29787, U_2: 20213

Train Net1
labeled data has a size of 30527
unlabeled data has a size of 19473

Train Net2
labeled data has a size of 29787
unlabeled data has a size of 20213

Test Epoch: 21, Accuracy: 85.830, Precision: 85.701, Recall: 85.830, F1: 85.708, L_1: 30527, U_1: 19473, L_2: 29787, U_2: 20213

Train Net1
labeled data has a size of 30527
unlabeled data has a size of 19473

Train Net2
labeled data has a size of 29787
unlabeled data has a size of 20213

Test Epoch: 22, Accuracy: 85.430, Precision: 85.550, Recall: 85.430, F1: 85.102, L_1: 30527, U_1: 19473, L_2: 29787, U_2: 20213

Train Net1
labeled data has a size of 30527
unlabeled data has a size of 19473

Train Net2
labeled data has a size of 29787
unlabeled data has a size of 20213

Test Epoch: 23, Accuracy: 85.850, Precision: 86.054, Recall: 85.850, F1: 85.694, L_1: 30527, U_1: 19473, L_2: 29787, U_2: 20213

Train Net1
labeled data has a size of 30527
unlabeled data has a size of 19473

Train Net2
labeled data has a size of 29787
unlabeled data has a size of 20213

Test Epoch: 24, Accuracy: 85.580, Precision: 85.980, Recall: 85.580, F1: 85.335, L_1: 30527, U_1: 19473, L_2: 29787, U_2: 20213

Train Net1
labeled data has a size of 30527
unlabeled data has a size of 19473

Train Net2
labeled data has a size of 29787
unlabeled data has a size of 20213

Test Epoch: 25, Accuracy: 85.740, Precision: 85.956, Recall: 85.740, F1: 85.492, L_1: 30527, U_1: 19473, L_2: 29787, U_2: 20213

Train Net1
labeled data has a size of 30527
unlabeled data has a size of 19473

Train Net2
labeled data has a size of 29787
unlabeled data has a size of 20213

Test Epoch: 26, Accuracy: 86.350, Precision: 86.485, Recall: 86.350, F1: 86.196, L_1: 30527, U_1: 19473, L_2: 29787, U_2: 20213

Train Net1
labeled data has a size of 30527
unlabeled data has a size of 19473

Train Net2
labeled data has a size of 29787
unlabeled data has a size of 20213

Test Epoch: 27, Accuracy: 86.850, Precision: 86.877, Recall: 86.850, F1: 86.728, L_1: 30527, U_1: 19473, L_2: 29787, U_2: 20213

Train Net1
labeled data has a size of 30527
unlabeled data has a size of 19473

Train Net2
labeled data has a size of 29787
unlabeled data has a size of 20213

Test Epoch: 28, Accuracy: 86.760, Precision: 86.773, Recall: 86.760, F1: 86.588, L_1: 30527, U_1: 19473, L_2: 29787, U_2: 20213

Train Net1
labeled data has a size of 30527
unlabeled data has a size of 19473

Train Net2
labeled data has a size of 29787
unlabeled data has a size of 20213

Test Epoch: 29, Accuracy: 87.350, Precision: 87.384, Recall: 87.350, F1: 87.212, L_1: 30527, U_1: 19473, L_2: 29787, U_2: 20213

Train Net1
labeled data has a size of 30527
unlabeled data has a size of 19473

Train Net2
labeled data has a size of 29787
unlabeled data has a size of 20213

Test Epoch: 30, Accuracy: 87.150, Precision: 87.432, Recall: 87.150, F1: 87.005, L_1: 30527, U_1: 19473, L_2: 29787, U_2: 20213

Train Net1
labeled data has a size of 30527
unlabeled data has a size of 19473

Train Net2
labeled data has a size of 29787
unlabeled data has a size of 20213

Test Epoch: 31, Accuracy: 86.570, Precision: 86.871, Recall: 86.570, F1: 86.360, L_1: 30527, U_1: 19473, L_2: 29787, U_2: 20213

Train Net1
labeled data has a size of 30527
unlabeled data has a size of 19473

Train Net2
labeled data has a size of 29787
unlabeled data has a size of 20213

Test Epoch: 32, Accuracy: 87.320, Precision: 87.637, Recall: 87.320, F1: 87.219, L_1: 30527, U_1: 19473, L_2: 29787, U_2: 20213

Train Net1
labeled data has a size of 30527
unlabeled data has a size of 19473

Train Net2
labeled data has a size of 29787
unlabeled data has a size of 20213

Test Epoch: 33, Accuracy: 87.190, Precision: 87.123, Recall: 87.190, F1: 87.078, L_1: 30527, U_1: 19473, L_2: 29787, U_2: 20213

Train Net1
labeled data has a size of 30527
unlabeled data has a size of 19473

Train Net2
labeled data has a size of 29787
unlabeled data has a size of 20213

Test Epoch: 34, Accuracy: 87.140, Precision: 87.216, Recall: 87.140, F1: 87.013, L_1: 30527, U_1: 19473, L_2: 29787, U_2: 20213

Train Net1
labeled data has a size of 30527
unlabeled data has a size of 19473

Train Net2
labeled data has a size of 29787
unlabeled data has a size of 20213

Test Epoch: 35, Accuracy: 87.880, Precision: 88.012, Recall: 87.880, F1: 87.745, L_1: 30527, U_1: 19473, L_2: 29787, U_2: 20213

Train Net1
labeled data has a size of 30527
unlabeled data has a size of 19473

Train Net2
labeled data has a size of 29787
unlabeled data has a size of 20213

Test Epoch: 36, Accuracy: 87.750, Precision: 87.831, Recall: 87.750, F1: 87.601, L_1: 30527, U_1: 19473, L_2: 29787, U_2: 20213

Train Net1
labeled data has a size of 30527
unlabeled data has a size of 19473

Train Net2
labeled data has a size of 29787
unlabeled data has a size of 20213

Test Epoch: 37, Accuracy: 88.270, Precision: 88.215, Recall: 88.270, F1: 88.153, L_1: 30527, U_1: 19473, L_2: 29787, U_2: 20213

Train Net1
labeled data has a size of 30527
unlabeled data has a size of 19473

Train Net2
labeled data has a size of 29787
unlabeled data has a size of 20213

Test Epoch: 38, Accuracy: 87.870, Precision: 87.963, Recall: 87.870, F1: 87.712, L_1: 30527, U_1: 19473, L_2: 29787, U_2: 20213

Train Net1
labeled data has a size of 30527
unlabeled data has a size of 19473

Train Net2
labeled data has a size of 29787
unlabeled data has a size of 20213

Test Epoch: 39, Accuracy: 88.180, Precision: 88.280, Recall: 88.180, F1: 88.100, L_1: 30527, U_1: 19473, L_2: 29787, U_2: 20213

Train Net1
labeled data has a size of 30527
unlabeled data has a size of 19473

Train Net2
labeled data has a size of 29787
unlabeled data has a size of 20213

Test Epoch: 40, Accuracy: 88.230, Precision: 88.378, Recall: 88.230, F1: 88.138, L_1: 30527, U_1: 19473, L_2: 29787, U_2: 20213

Train Net1
labeled data has a size of 30527
unlabeled data has a size of 19473

Train Net2
labeled data has a size of 29787
unlabeled data has a size of 20213

Test Epoch: 41, Accuracy: 88.010, Precision: 88.247, Recall: 88.010, F1: 87.922, L_1: 30527, U_1: 19473, L_2: 29787, U_2: 20213

Train Net1
labeled data has a size of 30527
unlabeled data has a size of 19473

Train Net2
labeled data has a size of 29787
unlabeled data has a size of 20213

Test Epoch: 42, Accuracy: 88.410, Precision: 88.450, Recall: 88.410, F1: 88.287, L_1: 30527, U_1: 19473, L_2: 29787, U_2: 20213

Train Net1
labeled data has a size of 30527
unlabeled data has a size of 19473

Train Net2
labeled data has a size of 29787
unlabeled data has a size of 20213

Test Epoch: 43, Accuracy: 88.650, Precision: 88.886, Recall: 88.650, F1: 88.540, L_1: 30527, U_1: 19473, L_2: 29787, U_2: 20213

Train Net1
labeled data has a size of 30527
unlabeled data has a size of 19473

Train Net2
labeled data has a size of 29787
unlabeled data has a size of 20213

Test Epoch: 44, Accuracy: 88.660, Precision: 88.697, Recall: 88.660, F1: 88.558, L_1: 30527, U_1: 19473, L_2: 29787, U_2: 20213

Train Net1
labeled data has a size of 30527
unlabeled data has a size of 19473

Train Net2
labeled data has a size of 29787
unlabeled data has a size of 20213

Test Epoch: 45, Accuracy: 87.840, Precision: 88.101, Recall: 87.840, F1: 87.708, L_1: 30527, U_1: 19473, L_2: 29787, U_2: 20213

Train Net1
labeled data has a size of 30527
unlabeled data has a size of 19473

Train Net2
labeled data has a size of 29787
unlabeled data has a size of 20213

Test Epoch: 46, Accuracy: 88.820, Precision: 88.942, Recall: 88.820, F1: 88.681, L_1: 30527, U_1: 19473, L_2: 29787, U_2: 20213

Train Net1
labeled data has a size of 30527
unlabeled data has a size of 19473

Train Net2
labeled data has a size of 29787
unlabeled data has a size of 20213

Test Epoch: 47, Accuracy: 88.510, Precision: 88.798, Recall: 88.510, F1: 88.372, L_1: 30527, U_1: 19473, L_2: 29787, U_2: 20213

Train Net1
labeled data has a size of 30527
unlabeled data has a size of 19473

Train Net2
labeled data has a size of 29787
unlabeled data has a size of 20213

Test Epoch: 48, Accuracy: 88.580, Precision: 88.680, Recall: 88.580, F1: 88.459, L_1: 30527, U_1: 19473, L_2: 29787, U_2: 20213

Train Net1
labeled data has a size of 30527
unlabeled data has a size of 19473

Train Net2
labeled data has a size of 29787
unlabeled data has a size of 20213

Test Epoch: 49, Accuracy: 88.180, Precision: 88.446, Recall: 88.180, F1: 87.960, L_1: 30527, U_1: 19473, L_2: 29787, U_2: 20213

Train Net1
labeled data has a size of 30527
unlabeled data has a size of 19473

Train Net2
labeled data has a size of 29787
unlabeled data has a size of 20213

Test Epoch: 50, Accuracy: 89.180, Precision: 89.376, Recall: 89.180, F1: 89.144, L_1: 30527, U_1: 19473, L_2: 29787, U_2: 20213

Train Net1
labeled data has a size of 30527
unlabeled data has a size of 19473

Train Net2
labeled data has a size of 29787
unlabeled data has a size of 20213

Test Epoch: 51, Accuracy: 89.200, Precision: 89.371, Recall: 89.200, F1: 89.074, L_1: 30527, U_1: 19473, L_2: 29787, U_2: 20213

Train Net1
labeled data has a size of 30527
unlabeled data has a size of 19473

Train Net2
labeled data has a size of 29787
unlabeled data has a size of 20213

Test Epoch: 52, Accuracy: 88.920, Precision: 89.340, Recall: 88.920, F1: 88.833, L_1: 30527, U_1: 19473, L_2: 29787, U_2: 20213

Train Net1
labeled data has a size of 30527
unlabeled data has a size of 19473

Train Net2
labeled data has a size of 29787
unlabeled data has a size of 20213

Test Epoch: 53, Accuracy: 89.640, Precision: 89.786, Recall: 89.640, F1: 89.545, L_1: 30527, U_1: 19473, L_2: 29787, U_2: 20213

Train Net1
labeled data has a size of 30527
unlabeled data has a size of 19473

Train Net2
labeled data has a size of 29787
unlabeled data has a size of 20213

Test Epoch: 54, Accuracy: 89.810, Precision: 89.834, Recall: 89.810, F1: 89.708, L_1: 30527, U_1: 19473, L_2: 29787, U_2: 20213

Train Net1
labeled data has a size of 30527
unlabeled data has a size of 19473

Train Net2
labeled data has a size of 29787
unlabeled data has a size of 20213

Test Epoch: 55, Accuracy: 89.200, Precision: 89.457, Recall: 89.200, F1: 89.077, L_1: 30527, U_1: 19473, L_2: 29787, U_2: 20213

Train Net1
labeled data has a size of 30527
unlabeled data has a size of 19473

Train Net2
labeled data has a size of 29787
unlabeled data has a size of 20213

Test Epoch: 56, Accuracy: 88.780, Precision: 88.886, Recall: 88.780, F1: 88.671, L_1: 30527, U_1: 19473, L_2: 29787, U_2: 20213

Train Net1
labeled data has a size of 30527
unlabeled data has a size of 19473

Train Net2
labeled data has a size of 29787
unlabeled data has a size of 20213

Test Epoch: 57, Accuracy: 89.310, Precision: 89.528, Recall: 89.310, F1: 89.224, L_1: 30527, U_1: 19473, L_2: 29787, U_2: 20213

Train Net1
labeled data has a size of 30527
unlabeled data has a size of 19473

Train Net2
labeled data has a size of 29787
unlabeled data has a size of 20213

Test Epoch: 58, Accuracy: 88.590, Precision: 89.051, Recall: 88.590, F1: 88.430, L_1: 30527, U_1: 19473, L_2: 29787, U_2: 20213

Train Net1
labeled data has a size of 30527
unlabeled data has a size of 19473

Train Net2
labeled data has a size of 29787
unlabeled data has a size of 20213

Test Epoch: 59, Accuracy: 89.000, Precision: 89.029, Recall: 89.000, F1: 88.886, L_1: 30527, U_1: 19473, L_2: 29787, U_2: 20213

Train Net1
labeled data has a size of 30527
unlabeled data has a size of 19473

Train Net2
labeled data has a size of 29787
unlabeled data has a size of 20213

Test Epoch: 60, Accuracy: 89.390, Precision: 89.589, Recall: 89.390, F1: 89.258, L_1: 30527, U_1: 19473, L_2: 29787, U_2: 20213

Train Net1
labeled data has a size of 30527
unlabeled data has a size of 19473

Train Net2
labeled data has a size of 29787
unlabeled data has a size of 20213

Test Epoch: 61, Accuracy: 89.330, Precision: 89.542, Recall: 89.330, F1: 89.192, L_1: 30527, U_1: 19473, L_2: 29787, U_2: 20213

Train Net1
labeled data has a size of 30527
unlabeled data has a size of 19473

Train Net2
labeled data has a size of 29787
unlabeled data has a size of 20213

Test Epoch: 62, Accuracy: 89.170, Precision: 89.202, Recall: 89.170, F1: 89.108, L_1: 30527, U_1: 19473, L_2: 29787, U_2: 20213

Train Net1
labeled data has a size of 30527
unlabeled data has a size of 19473

Train Net2
labeled data has a size of 29787
unlabeled data has a size of 20213

Test Epoch: 63, Accuracy: 89.370, Precision: 89.599, Recall: 89.370, F1: 89.263, L_1: 30527, U_1: 19473, L_2: 29787, U_2: 20213

Train Net1
labeled data has a size of 30527
unlabeled data has a size of 19473

Train Net2
labeled data has a size of 29787
unlabeled data has a size of 20213

Test Epoch: 64, Accuracy: 89.210, Precision: 89.438, Recall: 89.210, F1: 89.155, L_1: 30527, U_1: 19473, L_2: 29787, U_2: 20213

Train Net1
labeled data has a size of 30527
unlabeled data has a size of 19473

Train Net2
labeled data has a size of 29787
unlabeled data has a size of 20213

Test Epoch: 65, Accuracy: 89.780, Precision: 89.875, Recall: 89.780, F1: 89.699, L_1: 30527, U_1: 19473, L_2: 29787, U_2: 20213

Train Net1
labeled data has a size of 30527
unlabeled data has a size of 19473

Train Net2
labeled data has a size of 29787
unlabeled data has a size of 20213

Test Epoch: 66, Accuracy: 89.630, Precision: 89.729, Recall: 89.630, F1: 89.518, L_1: 30527, U_1: 19473, L_2: 29787, U_2: 20213

Train Net1
labeled data has a size of 30527
unlabeled data has a size of 19473

Train Net2
labeled data has a size of 29787
unlabeled data has a size of 20213

Test Epoch: 67, Accuracy: 90.300, Precision: 90.303, Recall: 90.300, F1: 90.263, L_1: 30527, U_1: 19473, L_2: 29787, U_2: 20213

Train Net1
labeled data has a size of 30527
unlabeled data has a size of 19473

Train Net2
labeled data has a size of 29787
unlabeled data has a size of 20213

Test Epoch: 68, Accuracy: 89.480, Precision: 89.673, Recall: 89.480, F1: 89.441, L_1: 30527, U_1: 19473, L_2: 29787, U_2: 20213

Train Net1
labeled data has a size of 30527
unlabeled data has a size of 19473

Train Net2
labeled data has a size of 29787
unlabeled data has a size of 20213

Test Epoch: 69, Accuracy: 89.820, Precision: 89.956, Recall: 89.820, F1: 89.776, L_1: 30527, U_1: 19473, L_2: 29787, U_2: 20213

Train Net1
labeled data has a size of 30527
unlabeled data has a size of 19473

Train Net2
labeled data has a size of 29787
unlabeled data has a size of 20213

Test Epoch: 70, Accuracy: 89.790, Precision: 89.771, Recall: 89.790, F1: 89.698, L_1: 30527, U_1: 19473, L_2: 29787, U_2: 20213

Train Net1
labeled data has a size of 30527
unlabeled data has a size of 19473

Train Net2
labeled data has a size of 29787
unlabeled data has a size of 20213

Test Epoch: 71, Accuracy: 89.710, Precision: 89.820, Recall: 89.710, F1: 89.650, L_1: 30527, U_1: 19473, L_2: 29787, U_2: 20213

Train Net1
labeled data has a size of 30527
unlabeled data has a size of 19473

Train Net2
labeled data has a size of 29787
unlabeled data has a size of 20213

Test Epoch: 72, Accuracy: 89.190, Precision: 89.495, Recall: 89.190, F1: 89.093, L_1: 30527, U_1: 19473, L_2: 29787, U_2: 20213

Train Net1
labeled data has a size of 30527
unlabeled data has a size of 19473

Train Net2
labeled data has a size of 29787
unlabeled data has a size of 20213

Test Epoch: 73, Accuracy: 90.210, Precision: 90.354, Recall: 90.210, F1: 90.097, L_1: 30527, U_1: 19473, L_2: 29787, U_2: 20213

Train Net1
labeled data has a size of 30527
unlabeled data has a size of 19473

Train Net2
labeled data has a size of 29787
unlabeled data has a size of 20213

Test Epoch: 74, Accuracy: 90.230, Precision: 90.276, Recall: 90.230, F1: 90.140, L_1: 30527, U_1: 19473, L_2: 29787, U_2: 20213

Train Net1
labeled data has a size of 30527
unlabeled data has a size of 19473

Train Net2
labeled data has a size of 29787
unlabeled data has a size of 20213

Test Epoch: 75, Accuracy: 90.060, Precision: 90.115, Recall: 90.060, F1: 90.022, L_1: 30527, U_1: 19473, L_2: 29787, U_2: 20213

Train Net1
labeled data has a size of 30527
unlabeled data has a size of 19473

Train Net2
labeled data has a size of 29787
unlabeled data has a size of 20213

Test Epoch: 76, Accuracy: 89.370, Precision: 89.838, Recall: 89.370, F1: 89.314, L_1: 30527, U_1: 19473, L_2: 29787, U_2: 20213

Train Net1
labeled data has a size of 30527
unlabeled data has a size of 19473

Train Net2
labeled data has a size of 29787
unlabeled data has a size of 20213

Test Epoch: 77, Accuracy: 89.670, Precision: 89.798, Recall: 89.670, F1: 89.596, L_1: 30527, U_1: 19473, L_2: 29787, U_2: 20213

Train Net1
labeled data has a size of 30527
unlabeled data has a size of 19473

Train Net2
labeled data has a size of 29787
unlabeled data has a size of 20213

Test Epoch: 78, Accuracy: 89.680, Precision: 89.864, Recall: 89.680, F1: 89.591, L_1: 30527, U_1: 19473, L_2: 29787, U_2: 20213

Train Net1
labeled data has a size of 30527
unlabeled data has a size of 19473

Train Net2
labeled data has a size of 29787
unlabeled data has a size of 20213

Test Epoch: 79, Accuracy: 89.600, Precision: 89.815, Recall: 89.600, F1: 89.559, L_1: 30527, U_1: 19473, L_2: 29787, U_2: 20213

Train Net1
labeled data has a size of 30527
unlabeled data has a size of 19473

Train Net2
labeled data has a size of 29787
unlabeled data has a size of 20213

Test Epoch: 80, Accuracy: 89.910, Precision: 90.081, Recall: 89.910, F1: 89.898, L_1: 30527, U_1: 19473, L_2: 29787, U_2: 20213

Train Net1
labeled data has a size of 30527
unlabeled data has a size of 19473

Train Net2
labeled data has a size of 29787
unlabeled data has a size of 20213

Test Epoch: 81, Accuracy: 89.100, Precision: 89.570, Recall: 89.100, F1: 89.009, L_1: 30527, U_1: 19473, L_2: 29787, U_2: 20213

Train Net1
labeled data has a size of 30527
unlabeled data has a size of 19473

Train Net2
labeled data has a size of 29787
unlabeled data has a size of 20213

Test Epoch: 82, Accuracy: 89.640, Precision: 89.951, Recall: 89.640, F1: 89.579, L_1: 30527, U_1: 19473, L_2: 29787, U_2: 20213

Train Net1
labeled data has a size of 30527
unlabeled data has a size of 19473

Train Net2
labeled data has a size of 29787
unlabeled data has a size of 20213

Test Epoch: 83, Accuracy: 90.040, Precision: 90.181, Recall: 90.040, F1: 89.940, L_1: 30527, U_1: 19473, L_2: 29787, U_2: 20213

Train Net1
labeled data has a size of 30527
unlabeled data has a size of 19473

Train Net2
labeled data has a size of 29787
unlabeled data has a size of 20213

Test Epoch: 84, Accuracy: 89.810, Precision: 90.124, Recall: 89.810, F1: 89.781, L_1: 30527, U_1: 19473, L_2: 29787, U_2: 20213

Train Net1
labeled data has a size of 30527
unlabeled data has a size of 19473

Train Net2
labeled data has a size of 29787
unlabeled data has a size of 20213

Test Epoch: 85, Accuracy: 90.160, Precision: 90.330, Recall: 90.160, F1: 90.122, L_1: 30527, U_1: 19473, L_2: 29787, U_2: 20213

Train Net1
labeled data has a size of 30527
unlabeled data has a size of 19473

Train Net2
labeled data has a size of 29787
unlabeled data has a size of 20213

Test Epoch: 86, Accuracy: 89.470, Precision: 89.795, Recall: 89.470, F1: 89.358, L_1: 30527, U_1: 19473, L_2: 29787, U_2: 20213

Train Net1
labeled data has a size of 30527
unlabeled data has a size of 19473

Train Net2
labeled data has a size of 29787
unlabeled data has a size of 20213

Test Epoch: 87, Accuracy: 89.850, Precision: 90.027, Recall: 89.850, F1: 89.772, L_1: 30527, U_1: 19473, L_2: 29787, U_2: 20213

Train Net1
labeled data has a size of 30527
unlabeled data has a size of 19473

Train Net2
labeled data has a size of 29787
unlabeled data has a size of 20213

Test Epoch: 88, Accuracy: 90.410, Precision: 90.587, Recall: 90.410, F1: 90.397, L_1: 30527, U_1: 19473, L_2: 29787, U_2: 20213

Train Net1
labeled data has a size of 30527
unlabeled data has a size of 19473

Train Net2
labeled data has a size of 29787
unlabeled data has a size of 20213

Test Epoch: 89, Accuracy: 89.910, Precision: 90.021, Recall: 89.910, F1: 89.825, L_1: 30527, U_1: 19473, L_2: 29787, U_2: 20213

Train Net1
labeled data has a size of 30527
unlabeled data has a size of 19473

Train Net2
labeled data has a size of 29787
unlabeled data has a size of 20213

Test Epoch: 90, Accuracy: 90.350, Precision: 90.462, Recall: 90.350, F1: 90.296, L_1: 30527, U_1: 19473, L_2: 29787, U_2: 20213

Train Net1
labeled data has a size of 30527
unlabeled data has a size of 19473

Train Net2
labeled data has a size of 29787
unlabeled data has a size of 20213

Test Epoch: 91, Accuracy: 89.920, Precision: 90.075, Recall: 89.920, F1: 89.865, L_1: 30527, U_1: 19473, L_2: 29787, U_2: 20213

Train Net1
labeled data has a size of 30527
unlabeled data has a size of 19473

Train Net2
labeled data has a size of 29787
unlabeled data has a size of 20213

Test Epoch: 92, Accuracy: 89.740, Precision: 89.836, Recall: 89.740, F1: 89.659, L_1: 30527, U_1: 19473, L_2: 29787, U_2: 20213

Train Net1
labeled data has a size of 30527
unlabeled data has a size of 19473

Train Net2
labeled data has a size of 29787
unlabeled data has a size of 20213

Test Epoch: 93, Accuracy: 90.030, Precision: 90.062, Recall: 90.030, F1: 89.993, L_1: 30527, U_1: 19473, L_2: 29787, U_2: 20213

Train Net1
labeled data has a size of 30527
unlabeled data has a size of 19473

Train Net2
labeled data has a size of 29787
unlabeled data has a size of 20213

Test Epoch: 94, Accuracy: 90.070, Precision: 90.172, Recall: 90.070, F1: 90.012, L_1: 30527, U_1: 19473, L_2: 29787, U_2: 20213

Train Net1
labeled data has a size of 30527
unlabeled data has a size of 19473

Train Net2
labeled data has a size of 29787
unlabeled data has a size of 20213

Test Epoch: 95, Accuracy: 89.850, Precision: 90.118, Recall: 89.850, F1: 89.807, L_1: 30527, U_1: 19473, L_2: 29787, U_2: 20213

Train Net1
labeled data has a size of 30527
unlabeled data has a size of 19473

Train Net2
labeled data has a size of 29787
unlabeled data has a size of 20213

Test Epoch: 96, Accuracy: 90.320, Precision: 90.444, Recall: 90.320, F1: 90.300, L_1: 30527, U_1: 19473, L_2: 29787, U_2: 20213

Train Net1
labeled data has a size of 30527
unlabeled data has a size of 19473

Train Net2
labeled data has a size of 29787
unlabeled data has a size of 20213

Test Epoch: 97, Accuracy: 90.450, Precision: 90.550, Recall: 90.450, F1: 90.396, L_1: 30527, U_1: 19473, L_2: 29787, U_2: 20213

Train Net1
labeled data has a size of 30527
unlabeled data has a size of 19473

Train Net2
labeled data has a size of 29787
unlabeled data has a size of 20213

Test Epoch: 98, Accuracy: 90.170, Precision: 90.341, Recall: 90.170, F1: 90.146, L_1: 30527, U_1: 19473, L_2: 29787, U_2: 20213

Train Net1
labeled data has a size of 30527
unlabeled data has a size of 19473

Train Net2
labeled data has a size of 29787
unlabeled data has a size of 20213

Test Epoch: 99, Accuracy: 89.860, Precision: 90.125, Recall: 89.860, F1: 89.757, L_1: 30527, U_1: 19473, L_2: 29787, U_2: 20213

Train Net1
labeled data has a size of 30527
unlabeled data has a size of 19473

Train Net2
labeled data has a size of 29787
unlabeled data has a size of 20213

Test Epoch: 100, Accuracy: 90.210, Precision: 90.321, Recall: 90.210, F1: 90.187, L_1: 30527, U_1: 19473, L_2: 29787, U_2: 20213

Train Net1
labeled data has a size of 30527
unlabeled data has a size of 19473

Train Net2
labeled data has a size of 29787
unlabeled data has a size of 20213

Test Epoch: 101, Accuracy: 88.600, Precision: 89.410, Recall: 88.600, F1: 88.496, L_1: 30527, U_1: 19473, L_2: 29787, U_2: 20213

Train Net1
labeled data has a size of 30527
unlabeled data has a size of 19473

Train Net2
labeled data has a size of 29787
unlabeled data has a size of 20213

Test Epoch: 102, Accuracy: 89.890, Precision: 89.958, Recall: 89.890, F1: 89.856, L_1: 30527, U_1: 19473, L_2: 29787, U_2: 20213

Train Net1
labeled data has a size of 30527
unlabeled data has a size of 19473

Train Net2
labeled data has a size of 29787
unlabeled data has a size of 20213

Test Epoch: 103, Accuracy: 89.660, Precision: 90.065, Recall: 89.660, F1: 89.564, L_1: 30527, U_1: 19473, L_2: 29787, U_2: 20213

Train Net1
labeled data has a size of 30527
unlabeled data has a size of 19473

Train Net2
labeled data has a size of 29787
unlabeled data has a size of 20213

Test Epoch: 104, Accuracy: 89.850, Precision: 90.208, Recall: 89.850, F1: 89.763, L_1: 30527, U_1: 19473, L_2: 29787, U_2: 20213

Train Net1
labeled data has a size of 30527
unlabeled data has a size of 19473

Train Net2
labeled data has a size of 29787
unlabeled data has a size of 20213

Test Epoch: 105, Accuracy: 90.000, Precision: 90.451, Recall: 90.000, F1: 89.982, L_1: 30527, U_1: 19473, L_2: 29787, U_2: 20213

Train Net1
labeled data has a size of 30527
unlabeled data has a size of 19473

Train Net2
labeled data has a size of 29787
unlabeled data has a size of 20213

Test Epoch: 106, Accuracy: 89.440, Precision: 89.553, Recall: 89.440, F1: 89.351, L_1: 30527, U_1: 19473, L_2: 29787, U_2: 20213

Train Net1
labeled data has a size of 30527
unlabeled data has a size of 19473

Train Net2
labeled data has a size of 29787
unlabeled data has a size of 20213

Test Epoch: 107, Accuracy: 89.910, Precision: 90.264, Recall: 89.910, F1: 89.899, L_1: 30527, U_1: 19473, L_2: 29787, U_2: 20213

Train Net1
labeled data has a size of 30527
unlabeled data has a size of 19473

Train Net2
labeled data has a size of 29787
unlabeled data has a size of 20213

Test Epoch: 108, Accuracy: 89.700, Precision: 89.975, Recall: 89.700, F1: 89.635, L_1: 30527, U_1: 19473, L_2: 29787, U_2: 20213

Train Net1
labeled data has a size of 30527
unlabeled data has a size of 19473

Train Net2
labeled data has a size of 29787
unlabeled data has a size of 20213

Test Epoch: 109, Accuracy: 90.190, Precision: 90.343, Recall: 90.190, F1: 90.155, L_1: 30527, U_1: 19473, L_2: 29787, U_2: 20213

Train Net1
labeled data has a size of 30527
unlabeled data has a size of 19473

Train Net2
labeled data has a size of 29787
unlabeled data has a size of 20213

Test Epoch: 110, Accuracy: 89.410, Precision: 89.608, Recall: 89.410, F1: 89.362, L_1: 30527, U_1: 19473, L_2: 29787, U_2: 20213

Train Net1
labeled data has a size of 30527
unlabeled data has a size of 19473

Train Net2
labeled data has a size of 29787
unlabeled data has a size of 20213

Test Epoch: 111, Accuracy: 89.870, Precision: 89.956, Recall: 89.870, F1: 89.821, L_1: 30527, U_1: 19473, L_2: 29787, U_2: 20213

Train Net1
labeled data has a size of 30527
unlabeled data has a size of 19473

Train Net2
labeled data has a size of 29787
unlabeled data has a size of 20213

Test Epoch: 112, Accuracy: 90.270, Precision: 90.373, Recall: 90.270, F1: 90.224, L_1: 30527, U_1: 19473, L_2: 29787, U_2: 20213

Train Net1
labeled data has a size of 30527
unlabeled data has a size of 19473

Train Net2
labeled data has a size of 29787
unlabeled data has a size of 20213

Test Epoch: 113, Accuracy: 90.270, Precision: 90.369, Recall: 90.270, F1: 90.218, L_1: 30527, U_1: 19473, L_2: 29787, U_2: 20213

Train Net1
labeled data has a size of 30527
unlabeled data has a size of 19473

Train Net2
labeled data has a size of 29787
unlabeled data has a size of 20213

Test Epoch: 114, Accuracy: 90.160, Precision: 90.203, Recall: 90.160, F1: 90.059, L_1: 30527, U_1: 19473, L_2: 29787, U_2: 20213

Train Net1
labeled data has a size of 30527
unlabeled data has a size of 19473

Train Net2
labeled data has a size of 29787
unlabeled data has a size of 20213

Test Epoch: 115, Accuracy: 89.990, Precision: 90.291, Recall: 89.990, F1: 89.914, L_1: 30527, U_1: 19473, L_2: 29787, U_2: 20213

Train Net1
labeled data has a size of 30527
unlabeled data has a size of 19473

Train Net2
labeled data has a size of 29787
unlabeled data has a size of 20213

Test Epoch: 116, Accuracy: 89.720, Precision: 89.942, Recall: 89.720, F1: 89.612, L_1: 30527, U_1: 19473, L_2: 29787, U_2: 20213

Train Net1
labeled data has a size of 30527
unlabeled data has a size of 19473

Train Net2
labeled data has a size of 29787
unlabeled data has a size of 20213

Test Epoch: 117, Accuracy: 90.470, Precision: 90.540, Recall: 90.470, F1: 90.391, L_1: 30527, U_1: 19473, L_2: 29787, U_2: 20213

Train Net1
labeled data has a size of 30527
unlabeled data has a size of 19473

Train Net2
labeled data has a size of 29787
unlabeled data has a size of 20213

Test Epoch: 118, Accuracy: 90.370, Precision: 90.435, Recall: 90.370, F1: 90.304, L_1: 30527, U_1: 19473, L_2: 29787, U_2: 20213

Train Net1
labeled data has a size of 30527
unlabeled data has a size of 19473

Train Net2
labeled data has a size of 29787
unlabeled data has a size of 20213

Test Epoch: 119, Accuracy: 90.180, Precision: 90.429, Recall: 90.180, F1: 90.135, L_1: 30527, U_1: 19473, L_2: 29787, U_2: 20213

Train Net1
labeled data has a size of 30527
unlabeled data has a size of 19473

Train Net2
labeled data has a size of 29787
unlabeled data has a size of 20213

Test Epoch: 120, Accuracy: 89.220, Precision: 89.657, Recall: 89.220, F1: 89.195, L_1: 30527, U_1: 19473, L_2: 29787, U_2: 20213

Train Net1
labeled data has a size of 30527
unlabeled data has a size of 19473

Train Net2
labeled data has a size of 29787
unlabeled data has a size of 20213

Test Epoch: 121, Accuracy: 89.730, Precision: 90.135, Recall: 89.730, F1: 89.620, L_1: 30527, U_1: 19473, L_2: 29787, U_2: 20213

Train Net1
labeled data has a size of 30527
unlabeled data has a size of 19473

Train Net2
labeled data has a size of 29787
unlabeled data has a size of 20213

Test Epoch: 122, Accuracy: 90.070, Precision: 90.226, Recall: 90.070, F1: 90.026, L_1: 30527, U_1: 19473, L_2: 29787, U_2: 20213

Train Net1
labeled data has a size of 30527
unlabeled data has a size of 19473

Train Net2
labeled data has a size of 29787
unlabeled data has a size of 20213

Test Epoch: 123, Accuracy: 90.530, Precision: 90.562, Recall: 90.530, F1: 90.512, L_1: 30527, U_1: 19473, L_2: 29787, U_2: 20213

Train Net1
labeled data has a size of 30527
unlabeled data has a size of 19473

Train Net2
labeled data has a size of 29787
unlabeled data has a size of 20213

Test Epoch: 124, Accuracy: 90.220, Precision: 90.535, Recall: 90.220, F1: 90.195, L_1: 30527, U_1: 19473, L_2: 29787, U_2: 20213

Train Net1
labeled data has a size of 30527
unlabeled data has a size of 19473

Train Net2
labeled data has a size of 29787
unlabeled data has a size of 20213

Test Epoch: 125, Accuracy: 90.240, Precision: 90.426, Recall: 90.240, F1: 90.248, L_1: 30527, U_1: 19473, L_2: 29787, U_2: 20213

Train Net1
labeled data has a size of 30527
unlabeled data has a size of 19473

Train Net2
labeled data has a size of 29787
unlabeled data has a size of 20213

Test Epoch: 126, Accuracy: 90.030, Precision: 90.143, Recall: 90.030, F1: 89.984, L_1: 30527, U_1: 19473, L_2: 29787, U_2: 20213

Train Net1
labeled data has a size of 30527
unlabeled data has a size of 19473

Train Net2
labeled data has a size of 29787
unlabeled data has a size of 20213

Test Epoch: 127, Accuracy: 90.380, Precision: 90.435, Recall: 90.380, F1: 90.334, L_1: 30527, U_1: 19473, L_2: 29787, U_2: 20213

Train Net1
labeled data has a size of 30527
unlabeled data has a size of 19473

Train Net2
labeled data has a size of 29787
unlabeled data has a size of 20213

Test Epoch: 128, Accuracy: 90.270, Precision: 90.380, Recall: 90.270, F1: 90.231, L_1: 30527, U_1: 19473, L_2: 29787, U_2: 20213

Train Net1
labeled data has a size of 30527
unlabeled data has a size of 19473

Train Net2
labeled data has a size of 29787
unlabeled data has a size of 20213

Test Epoch: 129, Accuracy: 90.200, Precision: 90.256, Recall: 90.200, F1: 90.162, L_1: 30527, U_1: 19473, L_2: 29787, U_2: 20213

Train Net1
labeled data has a size of 30527
unlabeled data has a size of 19473

Train Net2
labeled data has a size of 29787
unlabeled data has a size of 20213

Test Epoch: 130, Accuracy: 89.880, Precision: 90.131, Recall: 89.880, F1: 89.818, L_1: 30527, U_1: 19473, L_2: 29787, U_2: 20213

Train Net1
labeled data has a size of 30527
unlabeled data has a size of 19473

Train Net2
labeled data has a size of 29787
unlabeled data has a size of 20213

Test Epoch: 131, Accuracy: 90.230, Precision: 90.389, Recall: 90.230, F1: 90.193, L_1: 30527, U_1: 19473, L_2: 29787, U_2: 20213

Train Net1
labeled data has a size of 30527
unlabeled data has a size of 19473

Train Net2
labeled data has a size of 29787
unlabeled data has a size of 20213

Test Epoch: 132, Accuracy: 89.620, Precision: 90.149, Recall: 89.620, F1: 89.524, L_1: 30527, U_1: 19473, L_2: 29787, U_2: 20213

Train Net1
labeled data has a size of 30527
unlabeled data has a size of 19473

Train Net2
labeled data has a size of 29787
unlabeled data has a size of 20213

Test Epoch: 133, Accuracy: 89.880, Precision: 90.100, Recall: 89.880, F1: 89.804, L_1: 30527, U_1: 19473, L_2: 29787, U_2: 20213

Train Net1
labeled data has a size of 30527
unlabeled data has a size of 19473

Train Net2
labeled data has a size of 29787
unlabeled data has a size of 20213

Test Epoch: 134, Accuracy: 89.750, Precision: 89.949, Recall: 89.750, F1: 89.714, L_1: 30527, U_1: 19473, L_2: 29787, U_2: 20213

Train Net1
labeled data has a size of 30527
unlabeled data has a size of 19473

Train Net2
labeled data has a size of 29787
unlabeled data has a size of 20213

Test Epoch: 135, Accuracy: 89.530, Precision: 90.055, Recall: 89.530, F1: 89.408, L_1: 30527, U_1: 19473, L_2: 29787, U_2: 20213

Train Net1
labeled data has a size of 30527
unlabeled data has a size of 19473

Train Net2
labeled data has a size of 29787
unlabeled data has a size of 20213

Test Epoch: 136, Accuracy: 90.400, Precision: 90.465, Recall: 90.400, F1: 90.347, L_1: 30527, U_1: 19473, L_2: 29787, U_2: 20213

Train Net1
labeled data has a size of 30527
unlabeled data has a size of 19473

Train Net2
labeled data has a size of 29787
unlabeled data has a size of 20213

Test Epoch: 137, Accuracy: 90.320, Precision: 90.536, Recall: 90.320, F1: 90.276, L_1: 30527, U_1: 19473, L_2: 29787, U_2: 20213

Train Net1
labeled data has a size of 30527
unlabeled data has a size of 19473

Train Net2
labeled data has a size of 29787
unlabeled data has a size of 20213

Test Epoch: 138, Accuracy: 90.100, Precision: 90.280, Recall: 90.100, F1: 90.028, L_1: 30527, U_1: 19473, L_2: 29787, U_2: 20213

Train Net1
labeled data has a size of 30527
unlabeled data has a size of 19473

Train Net2
labeled data has a size of 29787
unlabeled data has a size of 20213

Test Epoch: 139, Accuracy: 90.530, Precision: 90.635, Recall: 90.530, F1: 90.479, L_1: 30527, U_1: 19473, L_2: 29787, U_2: 20213

Train Net1
labeled data has a size of 30527
unlabeled data has a size of 19473

Train Net2
labeled data has a size of 29787
unlabeled data has a size of 20213

Test Epoch: 140, Accuracy: 89.960, Precision: 90.123, Recall: 89.960, F1: 89.931, L_1: 30527, U_1: 19473, L_2: 29787, U_2: 20213

Train Net1
labeled data has a size of 30527
unlabeled data has a size of 19473

Train Net2
labeled data has a size of 29787
unlabeled data has a size of 20213

Test Epoch: 141, Accuracy: 90.220, Precision: 90.495, Recall: 90.220, F1: 90.132, L_1: 30527, U_1: 19473, L_2: 29787, U_2: 20213

Train Net1
labeled data has a size of 30527
unlabeled data has a size of 19473

Train Net2
labeled data has a size of 29787
unlabeled data has a size of 20213

Test Epoch: 142, Accuracy: 89.870, Precision: 90.121, Recall: 89.870, F1: 89.784, L_1: 30527, U_1: 19473, L_2: 29787, U_2: 20213

Train Net1
labeled data has a size of 30527
unlabeled data has a size of 19473

Train Net2
labeled data has a size of 29787
unlabeled data has a size of 20213

Test Epoch: 143, Accuracy: 90.140, Precision: 90.538, Recall: 90.140, F1: 90.061, L_1: 30527, U_1: 19473, L_2: 29787, U_2: 20213

Train Net1
labeled data has a size of 30527
unlabeled data has a size of 19473

Train Net2
labeled data has a size of 29787
unlabeled data has a size of 20213

Test Epoch: 144, Accuracy: 89.480, Precision: 90.232, Recall: 89.480, F1: 89.368, L_1: 30527, U_1: 19473, L_2: 29787, U_2: 20213

Train Net1
labeled data has a size of 30527
unlabeled data has a size of 19473

Train Net2
labeled data has a size of 29787
unlabeled data has a size of 20213

Test Epoch: 145, Accuracy: 90.240, Precision: 90.372, Recall: 90.240, F1: 90.224, L_1: 30527, U_1: 19473, L_2: 29787, U_2: 20213

Train Net1
labeled data has a size of 30527
unlabeled data has a size of 19473

Train Net2
labeled data has a size of 29787
unlabeled data has a size of 20213

Test Epoch: 146, Accuracy: 90.230, Precision: 90.644, Recall: 90.230, F1: 90.145, L_1: 30527, U_1: 19473, L_2: 29787, U_2: 20213

Train Net1
labeled data has a size of 30527
unlabeled data has a size of 19473

Train Net2
labeled data has a size of 29787
unlabeled data has a size of 20213

Test Epoch: 147, Accuracy: 90.220, Precision: 90.522, Recall: 90.220, F1: 90.150, L_1: 30527, U_1: 19473, L_2: 29787, U_2: 20213

Train Net1
labeled data has a size of 30527
unlabeled data has a size of 19473

Train Net2
labeled data has a size of 29787
unlabeled data has a size of 20213

Test Epoch: 148, Accuracy: 89.770, Precision: 90.265, Recall: 89.770, F1: 89.671, L_1: 30527, U_1: 19473, L_2: 29787, U_2: 20213

Train Net1
labeled data has a size of 30527
unlabeled data has a size of 19473

Train Net2
labeled data has a size of 29787
unlabeled data has a size of 20213

Test Epoch: 149, Accuracy: 90.220, Precision: 90.462, Recall: 90.220, F1: 90.187, L_1: 30527, U_1: 19473, L_2: 29787, U_2: 20213

Train Net1
labeled data has a size of 30527
unlabeled data has a size of 19473

Train Net2
labeled data has a size of 29787
unlabeled data has a size of 20213

Test Epoch: 150, Accuracy: 90.920, Precision: 91.215, Recall: 90.920, F1: 90.893, L_1: 30527, U_1: 19473, L_2: 29787, U_2: 20213

Train Net1
labeled data has a size of 30527
unlabeled data has a size of 19473

Train Net2
labeled data has a size of 29787
unlabeled data has a size of 20213

Test Epoch: 151, Accuracy: 91.260, Precision: 91.523, Recall: 91.260, F1: 91.244, L_1: 30527, U_1: 19473, L_2: 29787, U_2: 20213

Train Net1
labeled data has a size of 30527
unlabeled data has a size of 19473

Train Net2
labeled data has a size of 29787
unlabeled data has a size of 20213

Test Epoch: 152, Accuracy: 91.370, Precision: 91.637, Recall: 91.370, F1: 91.346, L_1: 30527, U_1: 19473, L_2: 29787, U_2: 20213

Train Net1
labeled data has a size of 30527
unlabeled data has a size of 19473

Train Net2
labeled data has a size of 29787
unlabeled data has a size of 20213

Test Epoch: 153, Accuracy: 91.350, Precision: 91.593, Recall: 91.350, F1: 91.323, L_1: 30527, U_1: 19473, L_2: 29787, U_2: 20213

Train Net1
labeled data has a size of 30527
unlabeled data has a size of 19473

Train Net2
labeled data has a size of 29787
unlabeled data has a size of 20213

Test Epoch: 154, Accuracy: 91.520, Precision: 91.718, Recall: 91.520, F1: 91.480, L_1: 30527, U_1: 19473, L_2: 29787, U_2: 20213

Train Net1
labeled data has a size of 30527
unlabeled data has a size of 19473

Train Net2
labeled data has a size of 29787
unlabeled data has a size of 20213

Test Epoch: 155, Accuracy: 91.130, Precision: 91.438, Recall: 91.130, F1: 91.074, L_1: 30527, U_1: 19473, L_2: 29787, U_2: 20213

Train Net1
labeled data has a size of 30527
unlabeled data has a size of 19473

Train Net2
labeled data has a size of 29787
unlabeled data has a size of 20213

Test Epoch: 156, Accuracy: 91.280, Precision: 91.522, Recall: 91.280, F1: 91.240, L_1: 30527, U_1: 19473, L_2: 29787, U_2: 20213

Train Net1
labeled data has a size of 30527
unlabeled data has a size of 19473

Train Net2
labeled data has a size of 29787
unlabeled data has a size of 20213

Test Epoch: 157, Accuracy: 91.230, Precision: 91.532, Recall: 91.230, F1: 91.182, L_1: 30527, U_1: 19473, L_2: 29787, U_2: 20213

Train Net1
labeled data has a size of 30527
unlabeled data has a size of 19473

Train Net2
labeled data has a size of 29787
unlabeled data has a size of 20213

Test Epoch: 158, Accuracy: 91.620, Precision: 91.805, Recall: 91.620, F1: 91.588, L_1: 30527, U_1: 19473, L_2: 29787, U_2: 20213

Train Net1
labeled data has a size of 30527
unlabeled data has a size of 19473

Train Net2
labeled data has a size of 29787
unlabeled data has a size of 20213

Test Epoch: 159, Accuracy: 91.410, Precision: 91.657, Recall: 91.410, F1: 91.380, L_1: 30527, U_1: 19473, L_2: 29787, U_2: 20213

Train Net1
labeled data has a size of 30527
unlabeled data has a size of 19473

Train Net2
labeled data has a size of 29787
unlabeled data has a size of 20213

Test Epoch: 160, Accuracy: 91.320, Precision: 91.662, Recall: 91.320, F1: 91.299, L_1: 30527, U_1: 19473, L_2: 29787, U_2: 20213

Train Net1
labeled data has a size of 30527
unlabeled data has a size of 19473

Train Net2
labeled data has a size of 29787
unlabeled data has a size of 20213

Test Epoch: 161, Accuracy: 91.310, Precision: 91.598, Recall: 91.310, F1: 91.290, L_1: 30527, U_1: 19473, L_2: 29787, U_2: 20213

Train Net1
labeled data has a size of 30527
unlabeled data has a size of 19473

Train Net2
labeled data has a size of 29787
unlabeled data has a size of 20213

Test Epoch: 162, Accuracy: 91.530, Precision: 91.750, Recall: 91.530, F1: 91.508, L_1: 30527, U_1: 19473, L_2: 29787, U_2: 20213

Train Net1
labeled data has a size of 30527
unlabeled data has a size of 19473

Train Net2
labeled data has a size of 29787
unlabeled data has a size of 20213

Test Epoch: 163, Accuracy: 91.130, Precision: 91.466, Recall: 91.130, F1: 91.090, L_1: 30527, U_1: 19473, L_2: 29787, U_2: 20213

Train Net1
labeled data has a size of 30527
unlabeled data has a size of 19473

Train Net2
labeled data has a size of 29787
unlabeled data has a size of 20213

Test Epoch: 164, Accuracy: 91.690, Precision: 92.008, Recall: 91.690, F1: 91.664, L_1: 30527, U_1: 19473, L_2: 29787, U_2: 20213

Train Net1
labeled data has a size of 30527
unlabeled data has a size of 19473

Train Net2
labeled data has a size of 29787
unlabeled data has a size of 20213

Test Epoch: 165, Accuracy: 91.210, Precision: 91.595, Recall: 91.210, F1: 91.210, L_1: 30527, U_1: 19473, L_2: 29787, U_2: 20213

Train Net1
labeled data has a size of 30527
unlabeled data has a size of 19473

Train Net2
labeled data has a size of 29787
unlabeled data has a size of 20213

Test Epoch: 166, Accuracy: 91.240, Precision: 91.532, Recall: 91.240, F1: 91.241, L_1: 30527, U_1: 19473, L_2: 29787, U_2: 20213

Train Net1
labeled data has a size of 30527
unlabeled data has a size of 19473

Train Net2
labeled data has a size of 29787
unlabeled data has a size of 20213

Test Epoch: 167, Accuracy: 91.290, Precision: 91.630, Recall: 91.290, F1: 91.281, L_1: 30527, U_1: 19473, L_2: 29787, U_2: 20213

Train Net1
labeled data has a size of 30527
unlabeled data has a size of 19473

Train Net2
labeled data has a size of 29787
unlabeled data has a size of 20213

Test Epoch: 168, Accuracy: 91.360, Precision: 91.642, Recall: 91.360, F1: 91.318, L_1: 30527, U_1: 19473, L_2: 29787, U_2: 20213

Train Net1
labeled data has a size of 30527
unlabeled data has a size of 19473

Train Net2
labeled data has a size of 29787
unlabeled data has a size of 20213

Test Epoch: 169, Accuracy: 90.890, Precision: 91.313, Recall: 90.890, F1: 90.858, L_1: 30527, U_1: 19473, L_2: 29787, U_2: 20213

Train Net1
labeled data has a size of 30527
unlabeled data has a size of 19473

Train Net2
labeled data has a size of 29787
unlabeled data has a size of 20213

Test Epoch: 170, Accuracy: 91.430, Precision: 91.695, Recall: 91.430, F1: 91.412, L_1: 30527, U_1: 19473, L_2: 29787, U_2: 20213

Train Net1
labeled data has a size of 30527
unlabeled data has a size of 19473

Train Net2
labeled data has a size of 29787
unlabeled data has a size of 20213

Test Epoch: 171, Accuracy: 91.140, Precision: 91.486, Recall: 91.140, F1: 91.118, L_1: 30527, U_1: 19473, L_2: 29787, U_2: 20213

Train Net1
labeled data has a size of 30527
unlabeled data has a size of 19473

Train Net2
labeled data has a size of 29787
unlabeled data has a size of 20213

Test Epoch: 172, Accuracy: 91.330, Precision: 91.734, Recall: 91.330, F1: 91.322, L_1: 30527, U_1: 19473, L_2: 29787, U_2: 20213

Train Net1
labeled data has a size of 30527
unlabeled data has a size of 19473

Train Net2
labeled data has a size of 29787
unlabeled data has a size of 20213

Test Epoch: 173, Accuracy: 91.620, Precision: 91.784, Recall: 91.620, F1: 91.593, L_1: 30527, U_1: 19473, L_2: 29787, U_2: 20213

Train Net1
labeled data has a size of 30527
unlabeled data has a size of 19473

Train Net2
labeled data has a size of 29787
unlabeled data has a size of 20213

Test Epoch: 174, Accuracy: 91.400, Precision: 91.651, Recall: 91.400, F1: 91.363, L_1: 30527, U_1: 19473, L_2: 29787, U_2: 20213

Train Net1
labeled data has a size of 30527
unlabeled data has a size of 19473

Train Net2
labeled data has a size of 29787
unlabeled data has a size of 20213

Test Epoch: 175, Accuracy: 91.370, Precision: 91.597, Recall: 91.370, F1: 91.331, L_1: 30527, U_1: 19473, L_2: 29787, U_2: 20213

Train Net1
labeled data has a size of 30527
unlabeled data has a size of 19473

Train Net2
labeled data has a size of 29787
unlabeled data has a size of 20213

Test Epoch: 176, Accuracy: 91.320, Precision: 91.595, Recall: 91.320, F1: 91.275, L_1: 30527, U_1: 19473, L_2: 29787, U_2: 20213

Train Net1
labeled data has a size of 30527
unlabeled data has a size of 19473

Train Net2
labeled data has a size of 29787
unlabeled data has a size of 20213

Test Epoch: 177, Accuracy: 91.090, Precision: 91.486, Recall: 91.090, F1: 91.067, L_1: 30527, U_1: 19473, L_2: 29787, U_2: 20213

Train Net1
labeled data has a size of 30527
unlabeled data has a size of 19473

Train Net2
labeled data has a size of 29787
unlabeled data has a size of 20213

Test Epoch: 178, Accuracy: 91.460, Precision: 91.674, Recall: 91.460, F1: 91.423, L_1: 30527, U_1: 19473, L_2: 29787, U_2: 20213

Train Net1
labeled data has a size of 30527
unlabeled data has a size of 19473

Train Net2
labeled data has a size of 29787
unlabeled data has a size of 20213

Test Epoch: 179, Accuracy: 91.470, Precision: 91.719, Recall: 91.470, F1: 91.453, L_1: 30527, U_1: 19473, L_2: 29787, U_2: 20213

Train Net1
labeled data has a size of 30527
unlabeled data has a size of 19473

Train Net2
labeled data has a size of 29787
unlabeled data has a size of 20213

Test Epoch: 180, Accuracy: 91.330, Precision: 91.574, Recall: 91.330, F1: 91.310, L_1: 30527, U_1: 19473, L_2: 29787, U_2: 20213

Train Net1
labeled data has a size of 30527
unlabeled data has a size of 19473

Train Net2
labeled data has a size of 29787
unlabeled data has a size of 20213

Test Epoch: 181, Accuracy: 91.250, Precision: 91.645, Recall: 91.250, F1: 91.233, L_1: 30527, U_1: 19473, L_2: 29787, U_2: 20213

Train Net1
labeled data has a size of 30527
unlabeled data has a size of 19473

Train Net2
labeled data has a size of 29787
unlabeled data has a size of 20213

Test Epoch: 182, Accuracy: 91.350, Precision: 91.568, Recall: 91.350, F1: 91.341, L_1: 30527, U_1: 19473, L_2: 29787, U_2: 20213

Train Net1
labeled data has a size of 30527
unlabeled data has a size of 19473

Train Net2
labeled data has a size of 29787
unlabeled data has a size of 20213

Test Epoch: 183, Accuracy: 91.340, Precision: 91.587, Recall: 91.340, F1: 91.329, L_1: 30527, U_1: 19473, L_2: 29787, U_2: 20213

Train Net1
labeled data has a size of 30527
unlabeled data has a size of 19473

Train Net2
labeled data has a size of 29787
unlabeled data has a size of 20213

Test Epoch: 184, Accuracy: 91.440, Precision: 91.698, Recall: 91.440, F1: 91.423, L_1: 30527, U_1: 19473, L_2: 29787, U_2: 20213

Train Net1
labeled data has a size of 30527
unlabeled data has a size of 19473

Train Net2
labeled data has a size of 29787
unlabeled data has a size of 20213

Test Epoch: 185, Accuracy: 91.270, Precision: 91.630, Recall: 91.270, F1: 91.271, L_1: 30527, U_1: 19473, L_2: 29787, U_2: 20213

Train Net1
labeled data has a size of 30527
unlabeled data has a size of 19473

Train Net2
labeled data has a size of 29787
unlabeled data has a size of 20213

Test Epoch: 186, Accuracy: 91.050, Precision: 91.383, Recall: 91.050, F1: 91.012, L_1: 30527, U_1: 19473, L_2: 29787, U_2: 20213

Train Net1
labeled data has a size of 30527
unlabeled data has a size of 19473

Train Net2
labeled data has a size of 29787
unlabeled data has a size of 20213

Test Epoch: 187, Accuracy: 91.190, Precision: 91.435, Recall: 91.190, F1: 91.188, L_1: 30527, U_1: 19473, L_2: 29787, U_2: 20213

Train Net1
labeled data has a size of 30527
unlabeled data has a size of 19473

Train Net2
labeled data has a size of 29787
unlabeled data has a size of 20213

Test Epoch: 188, Accuracy: 91.330, Precision: 91.583, Recall: 91.330, F1: 91.325, L_1: 30527, U_1: 19473, L_2: 29787, U_2: 20213

Train Net1
labeled data has a size of 30527
unlabeled data has a size of 19473

Train Net2
labeled data has a size of 29787
unlabeled data has a size of 20213

Test Epoch: 189, Accuracy: 91.560, Precision: 91.768, Recall: 91.560, F1: 91.547, L_1: 30527, U_1: 19473, L_2: 29787, U_2: 20213

Train Net1
labeled data has a size of 30527
unlabeled data has a size of 19473

Train Net2
labeled data has a size of 29787
unlabeled data has a size of 20213

Test Epoch: 190, Accuracy: 91.400, Precision: 91.632, Recall: 91.400, F1: 91.395, L_1: 30527, U_1: 19473, L_2: 29787, U_2: 20213

Train Net1
labeled data has a size of 30527
unlabeled data has a size of 19473

Train Net2
labeled data has a size of 29787
unlabeled data has a size of 20213

Test Epoch: 191, Accuracy: 91.030, Precision: 91.382, Recall: 91.030, F1: 91.003, L_1: 30527, U_1: 19473, L_2: 29787, U_2: 20213

Train Net1
labeled data has a size of 30527
unlabeled data has a size of 19473

Train Net2
labeled data has a size of 29787
unlabeled data has a size of 20213

Test Epoch: 192, Accuracy: 91.460, Precision: 91.679, Recall: 91.460, F1: 91.448, L_1: 30527, U_1: 19473, L_2: 29787, U_2: 20213

Train Net1
labeled data has a size of 30527
unlabeled data has a size of 19473

Train Net2
labeled data has a size of 29787
unlabeled data has a size of 20213

Test Epoch: 193, Accuracy: 91.180, Precision: 91.525, Recall: 91.180, F1: 91.179, L_1: 30527, U_1: 19473, L_2: 29787, U_2: 20213

Train Net1
labeled data has a size of 30527
unlabeled data has a size of 19473

Train Net2
labeled data has a size of 29787
unlabeled data has a size of 20213

Test Epoch: 194, Accuracy: 91.670, Precision: 91.876, Recall: 91.670, F1: 91.653, L_1: 30527, U_1: 19473, L_2: 29787, U_2: 20213

Train Net1
labeled data has a size of 30527
unlabeled data has a size of 19473

Train Net2
labeled data has a size of 29787
unlabeled data has a size of 20213

Test Epoch: 195, Accuracy: 91.170, Precision: 91.497, Recall: 91.170, F1: 91.148, L_1: 30527, U_1: 19473, L_2: 29787, U_2: 20213

Train Net1
labeled data has a size of 30527
unlabeled data has a size of 19473

Train Net2
labeled data has a size of 29787
unlabeled data has a size of 20213

Test Epoch: 196, Accuracy: 91.370, Precision: 91.659, Recall: 91.370, F1: 91.343, L_1: 30527, U_1: 19473, L_2: 29787, U_2: 20213

Train Net1
labeled data has a size of 30527
unlabeled data has a size of 19473

Train Net2
labeled data has a size of 29787
unlabeled data has a size of 20213

Test Epoch: 197, Accuracy: 91.390, Precision: 91.633, Recall: 91.390, F1: 91.377, L_1: 30527, U_1: 19473, L_2: 29787, U_2: 20213

Train Net1
labeled data has a size of 30527
unlabeled data has a size of 19473

Train Net2
labeled data has a size of 29787
unlabeled data has a size of 20213

Test Epoch: 198, Accuracy: 91.400, Precision: 91.620, Recall: 91.400, F1: 91.363, L_1: 30527, U_1: 19473, L_2: 29787, U_2: 20213

Train Net1
labeled data has a size of 30527
unlabeled data has a size of 19473

Train Net2
labeled data has a size of 29787
unlabeled data has a size of 20213

Test Epoch: 199, Accuracy: 91.620, Precision: 91.778, Recall: 91.620, F1: 91.605, L_1: 30527, U_1: 19473, L_2: 29787, U_2: 20213

Train Net1
labeled data has a size of 30527
unlabeled data has a size of 19473

Train Net2
labeled data has a size of 29787
unlabeled data has a size of 20213

Test Epoch: 200, Accuracy: 91.230, Precision: 91.507, Recall: 91.230, F1: 91.205, L_1: 30527, U_1: 19473, L_2: 29787, U_2: 20213

Train Net1
labeled data has a size of 31621
unlabeled data has a size of 18379

Train Net2
labeled data has a size of 31659
unlabeled data has a size of 18341

Test Epoch: 201, Accuracy: 91.740, Precision: 91.853, Recall: 91.740, F1: 91.718, L_1: 31621, U_1: 18379, L_2: 31659, U_2: 18341

Train Net1
labeled data has a size of 31606
unlabeled data has a size of 18394

Train Net2
labeled data has a size of 31559
unlabeled data has a size of 18441

Test Epoch: 202, Accuracy: 91.940, Precision: 92.099, Recall: 91.940, F1: 91.902, L_1: 31606, U_1: 18394, L_2: 31559, U_2: 18441

Train Net1
labeled data has a size of 31526
unlabeled data has a size of 18474

Train Net2
labeled data has a size of 31730
unlabeled data has a size of 18270

Test Epoch: 203, Accuracy: 91.660, Precision: 91.887, Recall: 91.660, F1: 91.631, L_1: 31526, U_1: 18474, L_2: 31730, U_2: 18270

Train Net1
labeled data has a size of 31597
unlabeled data has a size of 18403

Train Net2
labeled data has a size of 31609
unlabeled data has a size of 18391

Test Epoch: 204, Accuracy: 92.000, Precision: 92.209, Recall: 92.000, F1: 91.980, L_1: 31597, U_1: 18403, L_2: 31609, U_2: 18391

Train Net1
labeled data has a size of 31615
unlabeled data has a size of 18385

Train Net2
labeled data has a size of 31779
unlabeled data has a size of 18221

Test Epoch: 205, Accuracy: 91.920, Precision: 92.113, Recall: 91.920, F1: 91.895, L_1: 31615, U_1: 18385, L_2: 31779, U_2: 18221

Train Net1
labeled data has a size of 31678
unlabeled data has a size of 18322

Train Net2
labeled data has a size of 31799
unlabeled data has a size of 18201

Test Epoch: 206, Accuracy: 92.020, Precision: 92.156, Recall: 92.020, F1: 91.992, L_1: 31678, U_1: 18322, L_2: 31799, U_2: 18201

Train Net1
labeled data has a size of 31758
unlabeled data has a size of 18242

Train Net2
labeled data has a size of 31775
unlabeled data has a size of 18225

Test Epoch: 207, Accuracy: 92.140, Precision: 92.264, Recall: 92.140, F1: 92.098, L_1: 31758, U_1: 18242, L_2: 31775, U_2: 18225

Train Net1
labeled data has a size of 31704
unlabeled data has a size of 18296

Train Net2
labeled data has a size of 31678
unlabeled data has a size of 18322

Test Epoch: 208, Accuracy: 91.840, Precision: 92.037, Recall: 91.840, F1: 91.791, L_1: 31704, U_1: 18296, L_2: 31678, U_2: 18322

Train Net1
labeled data has a size of 31684
unlabeled data has a size of 18316

Train Net2
labeled data has a size of 31741
unlabeled data has a size of 18259

Test Epoch: 209, Accuracy: 91.740, Precision: 91.931, Recall: 91.740, F1: 91.715, L_1: 31684, U_1: 18316, L_2: 31741, U_2: 18259

Train Net1
labeled data has a size of 31680
unlabeled data has a size of 18320

Train Net2
labeled data has a size of 31788
unlabeled data has a size of 18212

Test Epoch: 210, Accuracy: 92.000, Precision: 92.128, Recall: 92.000, F1: 91.958, L_1: 31680, U_1: 18320, L_2: 31788, U_2: 18212

Train Net1
labeled data has a size of 31699
unlabeled data has a size of 18301

Train Net2
labeled data has a size of 31762
unlabeled data has a size of 18238

Test Epoch: 211, Accuracy: 91.740, Precision: 91.916, Recall: 91.740, F1: 91.691, L_1: 31699, U_1: 18301, L_2: 31762, U_2: 18238

Train Net1
labeled data has a size of 31702
unlabeled data has a size of 18298

Train Net2
labeled data has a size of 31776
unlabeled data has a size of 18224

Test Epoch: 212, Accuracy: 92.210, Precision: 92.455, Recall: 92.210, F1: 92.194, L_1: 31702, U_1: 18298, L_2: 31776, U_2: 18224

Train Net1
labeled data has a size of 31738
unlabeled data has a size of 18262

Train Net2
labeled data has a size of 31790
unlabeled data has a size of 18210

Test Epoch: 213, Accuracy: 92.200, Precision: 92.344, Recall: 92.200, F1: 92.170, L_1: 31738, U_1: 18262, L_2: 31790, U_2: 18210

Train Net1
labeled data has a size of 31671
unlabeled data has a size of 18329

Train Net2
labeled data has a size of 31882
unlabeled data has a size of 18118

Test Epoch: 214, Accuracy: 92.130, Precision: 92.253, Recall: 92.130, F1: 92.073, L_1: 31671, U_1: 18329, L_2: 31882, U_2: 18118

Train Net1
labeled data has a size of 31703
unlabeled data has a size of 18297

Train Net2
labeled data has a size of 31875
unlabeled data has a size of 18125

Test Epoch: 215, Accuracy: 91.610, Precision: 91.953, Recall: 91.610, F1: 91.590, L_1: 31703, U_1: 18297, L_2: 31875, U_2: 18125

Train Net1
labeled data has a size of 31733
unlabeled data has a size of 18267

Train Net2
labeled data has a size of 31828
unlabeled data has a size of 18172

Test Epoch: 216, Accuracy: 91.920, Precision: 92.111, Recall: 91.920, F1: 91.880, L_1: 31733, U_1: 18267, L_2: 31828, U_2: 18172

Train Net1
labeled data has a size of 31707
unlabeled data has a size of 18293

Train Net2
labeled data has a size of 31824
unlabeled data has a size of 18176

Test Epoch: 217, Accuracy: 91.760, Precision: 91.940, Recall: 91.760, F1: 91.701, L_1: 31707, U_1: 18293, L_2: 31824, U_2: 18176

Train Net1
labeled data has a size of 31838
unlabeled data has a size of 18162

Train Net2
labeled data has a size of 31791
unlabeled data has a size of 18209

Test Epoch: 218, Accuracy: 91.820, Precision: 92.035, Recall: 91.820, F1: 91.792, L_1: 31838, U_1: 18162, L_2: 31791, U_2: 18209

Train Net1
labeled data has a size of 31834
unlabeled data has a size of 18166

Train Net2
labeled data has a size of 31811
unlabeled data has a size of 18189

Test Epoch: 219, Accuracy: 92.140, Precision: 92.320, Recall: 92.140, F1: 92.128, L_1: 31834, U_1: 18166, L_2: 31811, U_2: 18189

Train Net1
labeled data has a size of 31808
unlabeled data has a size of 18192

Train Net2
labeled data has a size of 31832
unlabeled data has a size of 18168

Test Epoch: 220, Accuracy: 91.760, Precision: 91.953, Recall: 91.760, F1: 91.727, L_1: 31808, U_1: 18192, L_2: 31832, U_2: 18168

Train Net1
labeled data has a size of 31814
unlabeled data has a size of 18186

Train Net2
labeled data has a size of 31894
unlabeled data has a size of 18106

Test Epoch: 221, Accuracy: 91.520, Precision: 91.838, Recall: 91.520, F1: 91.467, L_1: 31814, U_1: 18186, L_2: 31894, U_2: 18106

Train Net1
labeled data has a size of 31826
unlabeled data has a size of 18174

Train Net2
labeled data has a size of 31878
unlabeled data has a size of 18122

Test Epoch: 222, Accuracy: 91.940, Precision: 92.030, Recall: 91.940, F1: 91.912, L_1: 31826, U_1: 18174, L_2: 31878, U_2: 18122

Train Net1
labeled data has a size of 31808
unlabeled data has a size of 18192

Train Net2
labeled data has a size of 31819
unlabeled data has a size of 18181

Test Epoch: 223, Accuracy: 91.860, Precision: 92.106, Recall: 91.860, F1: 91.838, L_1: 31808, U_1: 18192, L_2: 31819, U_2: 18181

Train Net1
labeled data has a size of 31933
unlabeled data has a size of 18067

Train Net2
labeled data has a size of 31993
unlabeled data has a size of 18007

Test Epoch: 224, Accuracy: 92.100, Precision: 92.203, Recall: 92.100, F1: 92.061, L_1: 31933, U_1: 18067, L_2: 31993, U_2: 18007

Train Net1
labeled data has a size of 31856
unlabeled data has a size of 18144

Train Net2
labeled data has a size of 31851
unlabeled data has a size of 18149

Test Epoch: 225, Accuracy: 92.030, Precision: 92.160, Recall: 92.030, F1: 91.966, L_1: 31856, U_1: 18144, L_2: 31851, U_2: 18149

Train Net1
labeled data has a size of 31925
unlabeled data has a size of 18075

Train Net2
labeled data has a size of 31947
unlabeled data has a size of 18053

Test Epoch: 226, Accuracy: 92.280, Precision: 92.364, Recall: 92.280, F1: 92.230, L_1: 31925, U_1: 18075, L_2: 31947, U_2: 18053

Train Net1
labeled data has a size of 31822
unlabeled data has a size of 18178

Train Net2
labeled data has a size of 31893
unlabeled data has a size of 18107

Test Epoch: 227, Accuracy: 92.280, Precision: 92.445, Recall: 92.280, F1: 92.246, L_1: 31822, U_1: 18178, L_2: 31893, U_2: 18107

Train Net1
labeled data has a size of 31904
unlabeled data has a size of 18096

Train Net2
labeled data has a size of 32008
unlabeled data has a size of 17992

Test Epoch: 228, Accuracy: 92.050, Precision: 92.230, Recall: 92.050, F1: 92.038, L_1: 31904, U_1: 18096, L_2: 32008, U_2: 17992

Train Net1
labeled data has a size of 31945
unlabeled data has a size of 18055

Train Net2
labeled data has a size of 31913
unlabeled data has a size of 18087

Test Epoch: 229, Accuracy: 92.330, Precision: 92.432, Recall: 92.330, F1: 92.280, L_1: 31945, U_1: 18055, L_2: 31913, U_2: 18087

Train Net1
labeled data has a size of 31841
unlabeled data has a size of 18159

Train Net2
labeled data has a size of 31975
unlabeled data has a size of 18025

Test Epoch: 230, Accuracy: 92.130, Precision: 92.220, Recall: 92.130, F1: 92.082, L_1: 31841, U_1: 18159, L_2: 31975, U_2: 18025

Train Net1
labeled data has a size of 31956
unlabeled data has a size of 18044

Train Net2
labeled data has a size of 31938
unlabeled data has a size of 18062

Test Epoch: 231, Accuracy: 92.440, Precision: 92.516, Recall: 92.440, F1: 92.400, L_1: 31956, U_1: 18044, L_2: 31938, U_2: 18062

Train Net1
labeled data has a size of 31878
unlabeled data has a size of 18122

Train Net2
labeled data has a size of 31949
unlabeled data has a size of 18051

Test Epoch: 232, Accuracy: 92.110, Precision: 92.304, Recall: 92.110, F1: 92.092, L_1: 31878, U_1: 18122, L_2: 31949, U_2: 18051

Train Net1
labeled data has a size of 31939
unlabeled data has a size of 18061

Train Net2
labeled data has a size of 31969
unlabeled data has a size of 18031

Test Epoch: 233, Accuracy: 91.860, Precision: 92.073, Recall: 91.860, F1: 91.825, L_1: 31939, U_1: 18061, L_2: 31969, U_2: 18031

Train Net1
labeled data has a size of 31950
unlabeled data has a size of 18050

Train Net2
labeled data has a size of 31994
unlabeled data has a size of 18006

Test Epoch: 234, Accuracy: 91.500, Precision: 91.845, Recall: 91.500, F1: 91.441, L_1: 31950, U_1: 18050, L_2: 31994, U_2: 18006

Train Net1
labeled data has a size of 31937
unlabeled data has a size of 18063

Train Net2
labeled data has a size of 31993
unlabeled data has a size of 18007

Test Epoch: 235, Accuracy: 92.110, Precision: 92.227, Recall: 92.110, F1: 92.099, L_1: 31937, U_1: 18063, L_2: 31993, U_2: 18007

Train Net1
labeled data has a size of 31926
unlabeled data has a size of 18074

Train Net2
labeled data has a size of 32034
unlabeled data has a size of 17966

Test Epoch: 236, Accuracy: 92.340, Precision: 92.432, Recall: 92.340, F1: 92.325, L_1: 31926, U_1: 18074, L_2: 32034, U_2: 17966

Train Net1
labeled data has a size of 31958
unlabeled data has a size of 18042

Train Net2
labeled data has a size of 32033
unlabeled data has a size of 17967

Test Epoch: 237, Accuracy: 92.230, Precision: 92.379, Recall: 92.230, F1: 92.233, L_1: 31958, U_1: 18042, L_2: 32033, U_2: 17967

Train Net1
labeled data has a size of 32002
unlabeled data has a size of 17998

Train Net2
labeled data has a size of 32047
unlabeled data has a size of 17953

Test Epoch: 238, Accuracy: 92.300, Precision: 92.494, Recall: 92.300, F1: 92.259, L_1: 32002, U_1: 17998, L_2: 32047, U_2: 17953

Train Net1
labeled data has a size of 31931
unlabeled data has a size of 18069

Train Net2
labeled data has a size of 31993
unlabeled data has a size of 18007

Test Epoch: 239, Accuracy: 92.060, Precision: 92.244, Recall: 92.060, F1: 92.043, L_1: 31931, U_1: 18069, L_2: 31993, U_2: 18007

Train Net1
labeled data has a size of 31957
unlabeled data has a size of 18043

Train Net2
labeled data has a size of 32010
unlabeled data has a size of 17990

Test Epoch: 240, Accuracy: 92.360, Precision: 92.476, Recall: 92.360, F1: 92.332, L_1: 31957, U_1: 18043, L_2: 32010, U_2: 17990

Train Net1
labeled data has a size of 31968
unlabeled data has a size of 18032

Train Net2
labeled data has a size of 32087
unlabeled data has a size of 17913

Test Epoch: 241, Accuracy: 92.230, Precision: 92.386, Recall: 92.230, F1: 92.183, L_1: 31968, U_1: 18032, L_2: 32087, U_2: 17913

Train Net1
labeled data has a size of 31969
unlabeled data has a size of 18031

Train Net2
labeled data has a size of 32003
unlabeled data has a size of 17997

Test Epoch: 242, Accuracy: 92.690, Precision: 92.819, Recall: 92.690, F1: 92.673, L_1: 31969, U_1: 18031, L_2: 32003, U_2: 17997

Train Net1
labeled data has a size of 31991
unlabeled data has a size of 18009

Train Net2
labeled data has a size of 31967
unlabeled data has a size of 18033

Test Epoch: 243, Accuracy: 92.120, Precision: 92.249, Recall: 92.120, F1: 92.089, L_1: 31991, U_1: 18009, L_2: 31967, U_2: 18033

Train Net1
labeled data has a size of 31991
unlabeled data has a size of 18009

Train Net2
labeled data has a size of 32004
unlabeled data has a size of 17996

Test Epoch: 244, Accuracy: 91.630, Precision: 91.898, Recall: 91.630, F1: 91.575, L_1: 31991, U_1: 18009, L_2: 32004, U_2: 17996

Train Net1
labeled data has a size of 32027
unlabeled data has a size of 17973

Train Net2
labeled data has a size of 32042
unlabeled data has a size of 17958

Test Epoch: 245, Accuracy: 91.500, Precision: 91.738, Recall: 91.500, F1: 91.459, L_1: 32027, U_1: 17973, L_2: 32042, U_2: 17958

Train Net1
labeled data has a size of 32067
unlabeled data has a size of 17933

Train Net2
labeled data has a size of 32025
unlabeled data has a size of 17975

Test Epoch: 246, Accuracy: 91.750, Precision: 91.923, Recall: 91.750, F1: 91.712, L_1: 32067, U_1: 17933, L_2: 32025, U_2: 17975

Train Net1
labeled data has a size of 32027
unlabeled data has a size of 17973

Train Net2
labeled data has a size of 32060
unlabeled data has a size of 17940

Test Epoch: 247, Accuracy: 92.060, Precision: 92.245, Recall: 92.060, F1: 92.004, L_1: 32027, U_1: 17973, L_2: 32060, U_2: 17940

Train Net1
labeled data has a size of 32105
unlabeled data has a size of 17895

Train Net2
labeled data has a size of 32073
unlabeled data has a size of 17927

Test Epoch: 248, Accuracy: 92.060, Precision: 92.197, Recall: 92.060, F1: 91.993, L_1: 32105, U_1: 17895, L_2: 32073, U_2: 17927

Train Net1
labeled data has a size of 32046
unlabeled data has a size of 17954

Train Net2
labeled data has a size of 32103
unlabeled data has a size of 17897

Test Epoch: 249, Accuracy: 92.030, Precision: 92.147, Recall: 92.030, F1: 92.006, L_1: 32046, U_1: 17954, L_2: 32103, U_2: 17897

Train Net1
labeled data has a size of 32131
unlabeled data has a size of 17869

Train Net2
labeled data has a size of 32076
unlabeled data has a size of 17924

Test Epoch: 250, Accuracy: 91.920, Precision: 92.062, Recall: 91.920, F1: 91.911, L_1: 32131, U_1: 17869, L_2: 32076, U_2: 17924

Train Net1
labeled data has a size of 32139
unlabeled data has a size of 17861

Train Net2
labeled data has a size of 32088
unlabeled data has a size of 17912

Test Epoch: 251, Accuracy: 92.710, Precision: 92.748, Recall: 92.710, F1: 92.674, L_1: 32139, U_1: 17861, L_2: 32088, U_2: 17912

Train Net1
labeled data has a size of 32098
unlabeled data has a size of 17902

Train Net2
labeled data has a size of 32108
unlabeled data has a size of 17892

Test Epoch: 252, Accuracy: 91.900, Precision: 92.082, Recall: 91.900, F1: 91.860, L_1: 32098, U_1: 17902, L_2: 32108, U_2: 17892

Train Net1
labeled data has a size of 32066
unlabeled data has a size of 17934

Train Net2
labeled data has a size of 32077
unlabeled data has a size of 17923

Test Epoch: 253, Accuracy: 92.060, Precision: 92.338, Recall: 92.060, F1: 92.041, L_1: 32066, U_1: 17934, L_2: 32077, U_2: 17923

Train Net1
labeled data has a size of 32025
unlabeled data has a size of 17975

Train Net2
labeled data has a size of 32120
unlabeled data has a size of 17880

Test Epoch: 254, Accuracy: 91.840, Precision: 92.010, Recall: 91.840, F1: 91.793, L_1: 32025, U_1: 17975, L_2: 32120, U_2: 17880

Train Net1
labeled data has a size of 32064
unlabeled data has a size of 17936

Train Net2
labeled data has a size of 32065
unlabeled data has a size of 17935

Test Epoch: 255, Accuracy: 92.200, Precision: 92.273, Recall: 92.200, F1: 92.185, L_1: 32064, U_1: 17936, L_2: 32065, U_2: 17935

Train Net1
labeled data has a size of 32106
unlabeled data has a size of 17894

Train Net2
labeled data has a size of 32178
unlabeled data has a size of 17822

Test Epoch: 256, Accuracy: 92.100, Precision: 92.259, Recall: 92.100, F1: 92.044, L_1: 32106, U_1: 17894, L_2: 32178, U_2: 17822

Train Net1
labeled data has a size of 32149
unlabeled data has a size of 17851

Train Net2
labeled data has a size of 32141
unlabeled data has a size of 17859

Test Epoch: 257, Accuracy: 92.290, Precision: 92.452, Recall: 92.290, F1: 92.262, L_1: 32149, U_1: 17851, L_2: 32141, U_2: 17859

Train Net1
labeled data has a size of 32159
unlabeled data has a size of 17841

Train Net2
labeled data has a size of 32143
unlabeled data has a size of 17857

Test Epoch: 258, Accuracy: 92.530, Precision: 92.568, Recall: 92.530, F1: 92.484, L_1: 32159, U_1: 17841, L_2: 32143, U_2: 17857

Train Net1
labeled data has a size of 32102
unlabeled data has a size of 17898

Train Net2
labeled data has a size of 32175
unlabeled data has a size of 17825

Test Epoch: 259, Accuracy: 92.140, Precision: 92.301, Recall: 92.140, F1: 92.118, L_1: 32102, U_1: 17898, L_2: 32175, U_2: 17825

Train Net1
labeled data has a size of 32156
unlabeled data has a size of 17844

Train Net2
labeled data has a size of 32157
unlabeled data has a size of 17843

Test Epoch: 260, Accuracy: 91.780, Precision: 92.091, Recall: 91.780, F1: 91.757, L_1: 32156, U_1: 17844, L_2: 32157, U_2: 17843

Train Net1
labeled data has a size of 32140
unlabeled data has a size of 17860

Train Net2
labeled data has a size of 32181
unlabeled data has a size of 17819

Test Epoch: 261, Accuracy: 91.560, Precision: 91.914, Recall: 91.560, F1: 91.548, L_1: 32140, U_1: 17860, L_2: 32181, U_2: 17819

Train Net1
labeled data has a size of 32144
unlabeled data has a size of 17856

Train Net2
labeled data has a size of 32205
unlabeled data has a size of 17795

Test Epoch: 262, Accuracy: 92.020, Precision: 92.241, Recall: 92.020, F1: 91.979, L_1: 32144, U_1: 17856, L_2: 32205, U_2: 17795

Train Net1
labeled data has a size of 32133
unlabeled data has a size of 17867

Train Net2
labeled data has a size of 32190
unlabeled data has a size of 17810

Test Epoch: 263, Accuracy: 91.920, Precision: 92.139, Recall: 91.920, F1: 91.897, L_1: 32133, U_1: 17867, L_2: 32190, U_2: 17810

Train Net1
labeled data has a size of 32099
unlabeled data has a size of 17901

Train Net2
labeled data has a size of 32156
unlabeled data has a size of 17844

Test Epoch: 264, Accuracy: 91.820, Precision: 92.007, Recall: 91.820, F1: 91.816, L_1: 32099, U_1: 17901, L_2: 32156, U_2: 17844

Train Net1
labeled data has a size of 32150
unlabeled data has a size of 17850

Train Net2
labeled data has a size of 32159
unlabeled data has a size of 17841

Test Epoch: 265, Accuracy: 91.510, Precision: 91.716, Recall: 91.510, F1: 91.461, L_1: 32150, U_1: 17850, L_2: 32159, U_2: 17841

Train Net1
labeled data has a size of 32158
unlabeled data has a size of 17842

Train Net2
labeled data has a size of 32172
unlabeled data has a size of 17828

Test Epoch: 266, Accuracy: 91.630, Precision: 91.898, Recall: 91.630, F1: 91.607, L_1: 32158, U_1: 17842, L_2: 32172, U_2: 17828

Train Net1
labeled data has a size of 32107
unlabeled data has a size of 17893

Train Net2
labeled data has a size of 32134
unlabeled data has a size of 17866

Test Epoch: 267, Accuracy: 91.870, Precision: 92.187, Recall: 91.870, F1: 91.870, L_1: 32107, U_1: 17893, L_2: 32134, U_2: 17866

Train Net1
labeled data has a size of 32182
unlabeled data has a size of 17818

Train Net2
labeled data has a size of 32128
unlabeled data has a size of 17872

Test Epoch: 268, Accuracy: 91.840, Precision: 91.934, Recall: 91.840, F1: 91.812, L_1: 32182, U_1: 17818, L_2: 32128, U_2: 17872

Train Net1
labeled data has a size of 32130
unlabeled data has a size of 17870

Train Net2
labeled data has a size of 32141
unlabeled data has a size of 17859

Test Epoch: 269, Accuracy: 91.890, Precision: 92.102, Recall: 91.890, F1: 91.859, L_1: 32130, U_1: 17870, L_2: 32141, U_2: 17859

Train Net1
labeled data has a size of 32178
unlabeled data has a size of 17822

Train Net2
labeled data has a size of 32247
unlabeled data has a size of 17753

Test Epoch: 270, Accuracy: 91.810, Precision: 91.958, Recall: 91.810, F1: 91.776, L_1: 32178, U_1: 17822, L_2: 32247, U_2: 17753

Train Net1
labeled data has a size of 32191
unlabeled data has a size of 17809

Train Net2
labeled data has a size of 32164
unlabeled data has a size of 17836

Test Epoch: 271, Accuracy: 91.860, Precision: 92.060, Recall: 91.860, F1: 91.835, L_1: 32191, U_1: 17809, L_2: 32164, U_2: 17836

Train Net1
labeled data has a size of 32206
unlabeled data has a size of 17794

Train Net2
labeled data has a size of 32232
unlabeled data has a size of 17768

Test Epoch: 272, Accuracy: 92.180, Precision: 92.311, Recall: 92.180, F1: 92.167, L_1: 32206, U_1: 17794, L_2: 32232, U_2: 17768

Train Net1
labeled data has a size of 32163
unlabeled data has a size of 17837

Train Net2
labeled data has a size of 32224
unlabeled data has a size of 17776

Test Epoch: 273, Accuracy: 91.950, Precision: 92.043, Recall: 91.950, F1: 91.907, L_1: 32163, U_1: 17837, L_2: 32224, U_2: 17776

Train Net1
labeled data has a size of 32234
unlabeled data has a size of 17766

Train Net2
labeled data has a size of 32170
unlabeled data has a size of 17830

Test Epoch: 274, Accuracy: 92.040, Precision: 92.214, Recall: 92.040, F1: 92.005, L_1: 32234, U_1: 17766, L_2: 32170, U_2: 17830

Train Net1
labeled data has a size of 32222
unlabeled data has a size of 17778

Train Net2
labeled data has a size of 32232
unlabeled data has a size of 17768

Test Epoch: 275, Accuracy: 91.940, Precision: 92.157, Recall: 91.940, F1: 91.904, L_1: 32222, U_1: 17778, L_2: 32232, U_2: 17768

Train Net1
labeled data has a size of 32221
unlabeled data has a size of 17779

Train Net2
labeled data has a size of 32172
unlabeled data has a size of 17828

Test Epoch: 276, Accuracy: 91.960, Precision: 92.121, Recall: 91.960, F1: 91.922, L_1: 32221, U_1: 17779, L_2: 32172, U_2: 17828

Train Net1
labeled data has a size of 32182
unlabeled data has a size of 17818

Train Net2
labeled data has a size of 32284
unlabeled data has a size of 17716

Test Epoch: 277, Accuracy: 91.470, Precision: 91.849, Recall: 91.470, F1: 91.406, L_1: 32182, U_1: 17818, L_2: 32284, U_2: 17716

Train Net1
labeled data has a size of 32236
unlabeled data has a size of 17764

Train Net2
labeled data has a size of 32267
unlabeled data has a size of 17733

Test Epoch: 278, Accuracy: 91.890, Precision: 92.107, Recall: 91.890, F1: 91.858, L_1: 32236, U_1: 17764, L_2: 32267, U_2: 17733

Train Net1
labeled data has a size of 32221
unlabeled data has a size of 17779

Train Net2
labeled data has a size of 32214
unlabeled data has a size of 17786

Test Epoch: 279, Accuracy: 92.160, Precision: 92.236, Recall: 92.160, F1: 92.124, L_1: 32221, U_1: 17779, L_2: 32214, U_2: 17786

Train Net1
labeled data has a size of 32179
unlabeled data has a size of 17821

Train Net2
labeled data has a size of 32265
unlabeled data has a size of 17735

Test Epoch: 280, Accuracy: 91.920, Precision: 92.161, Recall: 91.920, F1: 91.882, L_1: 32179, U_1: 17821, L_2: 32265, U_2: 17735

Train Net1
labeled data has a size of 32312
unlabeled data has a size of 17688

Train Net2
labeled data has a size of 32240
unlabeled data has a size of 17760

Test Epoch: 281, Accuracy: 91.620, Precision: 91.777, Recall: 91.620, F1: 91.583, L_1: 32312, U_1: 17688, L_2: 32240, U_2: 17760

Train Net1
labeled data has a size of 32270
unlabeled data has a size of 17730

Train Net2
labeled data has a size of 32256
unlabeled data has a size of 17744

Test Epoch: 282, Accuracy: 91.710, Precision: 92.016, Recall: 91.710, F1: 91.688, L_1: 32270, U_1: 17730, L_2: 32256, U_2: 17744

Train Net1
labeled data has a size of 32262
unlabeled data has a size of 17738

Train Net2
labeled data has a size of 32234
unlabeled data has a size of 17766

Test Epoch: 283, Accuracy: 91.950, Precision: 92.033, Recall: 91.950, F1: 91.911, L_1: 32262, U_1: 17738, L_2: 32234, U_2: 17766

Train Net1
labeled data has a size of 32207
unlabeled data has a size of 17793

Train Net2
labeled data has a size of 32261
unlabeled data has a size of 17739

Test Epoch: 284, Accuracy: 91.600, Precision: 91.804, Recall: 91.600, F1: 91.581, L_1: 32207, U_1: 17793, L_2: 32261, U_2: 17739

Train Net1
labeled data has a size of 32274
unlabeled data has a size of 17726

Train Net2
labeled data has a size of 32230
unlabeled data has a size of 17770

Test Epoch: 285, Accuracy: 92.120, Precision: 92.212, Recall: 92.120, F1: 92.095, L_1: 32274, U_1: 17726, L_2: 32230, U_2: 17770

Train Net1
labeled data has a size of 32226
unlabeled data has a size of 17774

Train Net2
labeled data has a size of 32294
unlabeled data has a size of 17706

Test Epoch: 286, Accuracy: 91.680, Precision: 92.047, Recall: 91.680, F1: 91.628, L_1: 32226, U_1: 17774, L_2: 32294, U_2: 17706

Train Net1
labeled data has a size of 32235
unlabeled data has a size of 17765

Train Net2
labeled data has a size of 32297
unlabeled data has a size of 17703

Test Epoch: 287, Accuracy: 91.200, Precision: 91.513, Recall: 91.200, F1: 91.156, L_1: 32235, U_1: 17765, L_2: 32297, U_2: 17703

Train Net1
labeled data has a size of 32277
unlabeled data has a size of 17723

Train Net2
labeled data has a size of 32325
unlabeled data has a size of 17675

Test Epoch: 288, Accuracy: 91.800, Precision: 92.092, Recall: 91.800, F1: 91.771, L_1: 32277, U_1: 17723, L_2: 32325, U_2: 17675

Train Net1
labeled data has a size of 32307
unlabeled data has a size of 17693

Train Net2
labeled data has a size of 32308
unlabeled data has a size of 17692

Test Epoch: 289, Accuracy: 91.730, Precision: 92.009, Recall: 91.730, F1: 91.705, L_1: 32307, U_1: 17693, L_2: 32308, U_2: 17692

Train Net1
labeled data has a size of 32288
unlabeled data has a size of 17712

Train Net2
labeled data has a size of 32411
unlabeled data has a size of 17589

Test Epoch: 290, Accuracy: 92.290, Precision: 92.349, Recall: 92.290, F1: 92.273, L_1: 32288, U_1: 17712, L_2: 32411, U_2: 17589

Train Net1
labeled data has a size of 32303
unlabeled data has a size of 17697

Train Net2
labeled data has a size of 32264
unlabeled data has a size of 17736

Test Epoch: 291, Accuracy: 91.570, Precision: 91.846, Recall: 91.570, F1: 91.533, L_1: 32303, U_1: 17697, L_2: 32264, U_2: 17736

Train Net1
labeled data has a size of 32249
unlabeled data has a size of 17751

Train Net2
labeled data has a size of 32342
unlabeled data has a size of 17658

Test Epoch: 292, Accuracy: 92.040, Precision: 92.228, Recall: 92.040, F1: 92.013, L_1: 32249, U_1: 17751, L_2: 32342, U_2: 17658

Train Net1
labeled data has a size of 32267
unlabeled data has a size of 17733

Train Net2
labeled data has a size of 32334
unlabeled data has a size of 17666

Test Epoch: 293, Accuracy: 91.900, Precision: 92.048, Recall: 91.900, F1: 91.849, L_1: 32267, U_1: 17733, L_2: 32334, U_2: 17666

Train Net1
labeled data has a size of 32301
unlabeled data has a size of 17699

Train Net2
labeled data has a size of 32261
unlabeled data has a size of 17739

Test Epoch: 294, Accuracy: 92.510, Precision: 92.714, Recall: 92.510, F1: 92.498, L_1: 32301, U_1: 17699, L_2: 32261, U_2: 17739

Train Net1
labeled data has a size of 32282
unlabeled data has a size of 17718

Train Net2
labeled data has a size of 32318
unlabeled data has a size of 17682

Test Epoch: 295, Accuracy: 92.080, Precision: 92.244, Recall: 92.080, F1: 92.040, L_1: 32282, U_1: 17718, L_2: 32318, U_2: 17682

Train Net1
labeled data has a size of 32362
unlabeled data has a size of 17638

Train Net2
labeled data has a size of 32355
unlabeled data has a size of 17645

Test Epoch: 296, Accuracy: 91.790, Precision: 92.108, Recall: 91.790, F1: 91.742, L_1: 32362, U_1: 17638, L_2: 32355, U_2: 17645

Train Net1
labeled data has a size of 32264
unlabeled data has a size of 17736

Train Net2
labeled data has a size of 32368
unlabeled data has a size of 17632

Test Epoch: 297, Accuracy: 92.250, Precision: 92.357, Recall: 92.250, F1: 92.223, L_1: 32264, U_1: 17736, L_2: 32368, U_2: 17632

Train Net1
labeled data has a size of 32261
unlabeled data has a size of 17739

Train Net2
labeled data has a size of 32363
unlabeled data has a size of 17637

Test Epoch: 298, Accuracy: 91.520, Precision: 91.767, Recall: 91.520, F1: 91.494, L_1: 32261, U_1: 17739, L_2: 32363, U_2: 17637

Train Net1
labeled data has a size of 32341
unlabeled data has a size of 17659

Train Net2
labeled data has a size of 32389
unlabeled data has a size of 17611

Test Epoch: 299, Accuracy: 92.070, Precision: 92.230, Recall: 92.070, F1: 92.017, L_1: 32341, U_1: 17659, L_2: 32389, U_2: 17611

